2025-03-27 14:54:16 [main] INFO  org.tests.LoginTest - Login successful!
2025-03-27 14:54:17 [main] INFO  org.tests.LoginTest - Login successful!
2025-03-27 14:54:22 [main] INFO  org.tests.LoginTest - Login successful!
2025-03-27 14:54:22 [main] INFO  org.tests.LoginTest - Login successful!
2025-03-27 14:54:22 [main] INFO  org.tests.LoginTest - Login successful!
2025-03-27 14:55:24 [main] INFO  org.tests.LoginTest - Login successful!
2025-03-27 14:55:24 [main] INFO  org.tests.LoginTest - Login successful!
2025-03-27 14:55:30 [main] INFO  org.tests.LoginTest - Login successful!
2025-03-27 14:55:30 [main] INFO  org.tests.LoginTest - Login successful!
2025-03-27 14:55:30 [main] INFO  org.tests.LoginTest - Login successful!
2025-03-27 14:56:00 [main] INFO  org.tests.LoginTest - Login successful!
2025-03-27 14:56:00 [main] INFO  org.tests.LoginTest - Login successful!
2025-03-27 14:56:05 [main] INFO  org.tests.LoginTest - Login successful!
2025-03-27 14:56:06 [main] INFO  org.tests.LoginTest - Login successful!
2025-03-27 14:56:06 [main] INFO  org.tests.LoginTest - Login successful!
2025-03-27 14:57:17 [main] INFO  org.tests.LoginTest - Login successful!
2025-03-27 14:57:18 [main] INFO  org.tests.LoginTest - Login successful!
2025-03-27 14:57:23 [main] INFO  org.tests.LoginTest - Login successful!
2025-03-27 14:57:23 [main] INFO  org.tests.LoginTest - Login successful!
2025-03-27 14:57:23 [main] INFO  org.tests.LoginTest - Login successful!
2025-03-27 14:59:08 [main] INFO  org.tests.LoginTest - Login successful!
2025-03-27 14:59:08 [main] INFO  org.tests.LoginTest - Login successful!
2025-03-27 14:59:14 [main] INFO  org.tests.LoginTest - Login successful!
2025-03-27 14:59:14 [main] INFO  org.tests.LoginTest - Login successful!
2025-03-27 14:59:14 [main] INFO  org.tests.LoginTest - Login successful!
2025-03-27 14:59:53 [main] INFO  org.tests.LoginTest - Login successful!
2025-03-27 14:59:54 [main] INFO  org.tests.LoginTest - Login successful!
2025-03-27 14:59:59 [main] INFO  org.tests.LoginTest - Login successful!
2025-03-27 14:59:59 [main] INFO  org.tests.LoginTest - Login successful!
2025-03-27 14:59:59 [main] INFO  org.tests.LoginTest - Login successful!
2025-03-27 15:01:56 [main] INFO  org.tests.LoginTest - Login successful!
2025-03-27 15:01:56 [main] INFO  org.tests.LoginTest - Login successful!
2025-03-27 15:02:01 [main] INFO  org.tests.LoginTest - Login successful!
2025-03-27 15:02:01 [main] INFO  org.tests.LoginTest - Login successful!
2025-03-27 15:02:01 [main] INFO  org.tests.LoginTest - Login successful!
2025-03-27 15:03:11 [main] INFO  org.tests.LoginTest - Login successful!
2025-03-27 15:03:11 [main] INFO  org.tests.LoginTest - Login successful!
2025-03-27 15:03:17 [main] INFO  org.tests.LoginTest - Login successful!
2025-03-27 15:03:17 [main] INFO  org.tests.LoginTest - Login successful!
2025-03-27 15:03:17 [main] INFO  org.tests.LoginTest - Login successful!
2025-03-27 15:03:50 [main] INFO  org.tests.LoginTest - Login successful!
2025-03-27 15:03:50 [main] INFO  org.tests.LoginTest - Login successful!
2025-03-27 15:03:56 [main] INFO  org.tests.LoginTest - Login successful!
2025-03-27 15:03:56 [main] INFO  org.tests.LoginTest - Login successful!
2025-03-27 15:03:56 [main] INFO  org.tests.LoginTest - Login successful!
2025-03-27 15:04:39 [main] INFO  org.tests.LoginTest - Login successful!
2025-03-27 15:04:39 [main] INFO  org.tests.LoginTest - Login successful!
2025-03-27 15:04:45 [main] INFO  org.tests.LoginTest - Login successful!
2025-03-27 15:04:45 [main] INFO  org.tests.LoginTest - Login successful!
2025-03-27 15:04:45 [main] INFO  org.tests.LoginTest - Login successful!
2025-03-27 15:06:47 [main] INFO  org.tests.LoginTest - Login successful!
2025-03-27 15:06:47 [main] INFO  org.tests.LoginTest - Login successful!
2025-03-27 15:06:52 [main] INFO  org.tests.LoginTest - Login successful!
2025-03-27 15:06:52 [main] INFO  org.tests.LoginTest - Login successful!
2025-03-27 15:06:53 [main] INFO  org.tests.LoginTest - Login successful!
2025-03-27 15:08:32 [main] INFO  org.imz.tests.LoginTest - Login successful!
2025-03-27 15:08:33 [main] INFO  org.imz.tests.LoginTest - Login successful!
2025-03-27 15:08:38 [main] INFO  org.imz.tests.LoginTest - Login successful!
2025-03-27 15:08:38 [main] INFO  org.imz.tests.LoginTest - Login successful!
2025-03-27 15:08:38 [main] INFO  org.imz.tests.LoginTest - Login successful!
2025-03-27 15:13:59 [TestNG-tests-1] INFO  org.imz.tests.LoginTest - Login successful!
2025-03-27 15:13:59 [TestNG-tests-1] INFO  org.imz.tests.LoginTest - Login successful!
2025-03-27 15:14:04 [TestNG-tests-1] INFO  org.imz.tests.LoginTest - Login successful!
2025-03-27 15:14:05 [TestNG-tests-1] INFO  org.imz.tests.LoginTest - Login successful!
2025-03-27 15:14:05 [TestNG-tests-1] INFO  org.imz.tests.LoginTest - Login successful!
2025-03-27 15:15:32 [main] INFO  org.imz.tests.LoginTest - Login successful!
2025-03-27 15:15:32 [main] INFO  org.imz.tests.LoginTest - Login successful!
2025-03-27 15:15:37 [main] INFO  org.imz.tests.LoginTest - Login successful!
2025-03-27 15:15:37 [main] INFO  org.imz.tests.LoginTest - Login successful!
2025-03-27 15:15:38 [main] INFO  org.imz.tests.LoginTest - Login successful!
2025-03-27 16:50:27 [main] INFO  org.imz.tests.LoginTest - Login successful!
2025-03-27 16:50:27 [main] INFO  org.imz.tests.LoginTest - Login successful!
2025-03-27 16:50:32 [main] INFO  org.imz.tests.LoginTest - Login successful!
2025-03-27 16:50:33 [main] INFO  org.imz.tests.LoginTest - Login successful!
2025-03-27 16:50:34 [main] INFO  org.imz.tests.LoginTest - Login successful!
2025-03-27 16:53:37 [TestNG-tests-1] INFO  org.imz.tests.LoginTest - Login successful!
2025-03-27 16:53:37 [TestNG-tests-1] INFO  org.imz.tests.LoginTest - Login successful!
2025-03-27 16:53:43 [TestNG-tests-1] INFO  org.imz.tests.LoginTest - Login successful!
2025-03-27 16:53:43 [TestNG-tests-1] INFO  org.imz.tests.LoginTest - Login successful!
2025-03-27 16:53:44 [TestNG-tests-1] INFO  org.imz.tests.LoginTest - Login successful!
2025-03-27 16:54:44 [TestNG-tests-1] INFO  org.imz.tests.LoginTest - Login successful!
2025-03-27 16:54:44 [TestNG-tests-1] INFO  org.imz.tests.LoginTest - Login successful!
2025-03-27 16:54:49 [TestNG-tests-1] INFO  org.imz.tests.LoginTest - Login successful!
2025-03-27 16:54:50 [TestNG-tests-1] INFO  org.imz.tests.LoginTest - Login successful!
2025-03-27 16:54:50 [TestNG-tests-1] INFO  org.imz.tests.LoginTest - Login successful!
2025-03-27 16:54:52 [TestNG-tests-1] INFO  org.imz.tests.LoginTest - Login successful!locked_out_user
2025-03-27 16:55:21 [TestNG-tests-1] INFO  org.imz.tests.LoginTest - Login successful!
2025-03-27 16:55:22 [TestNG-tests-1] INFO  org.imz.tests.LoginTest - Login successful!
2025-03-27 16:55:28 [TestNG-tests-1] INFO  org.imz.tests.LoginTest - Login successful!
2025-03-27 16:55:29 [TestNG-tests-1] INFO  org.imz.tests.LoginTest - Login successful!
2025-03-27 16:55:29 [TestNG-tests-1] INFO  org.imz.tests.LoginTest - Login successful!
2025-03-27 16:56:13 [TestNG-tests-1] INFO  org.imz.tests.LoginTest - Login successful!
2025-03-27 16:56:13 [TestNG-tests-1] INFO  org.imz.tests.LoginTest - Login successful!
2025-03-27 16:56:19 [TestNG-tests-1] INFO  org.imz.tests.LoginTest - Login successful!
2025-03-27 16:56:19 [TestNG-tests-1] INFO  org.imz.tests.LoginTest - Login successful!
2025-03-27 16:56:20 [TestNG-tests-1] INFO  org.imz.tests.LoginTest - Login successful!
2025-03-27 16:56:37 [TestNG-tests-1] INFO  org.imz.tests.LoginTest - Login successful!
2025-03-27 16:56:37 [TestNG-tests-1] INFO  org.imz.tests.LoginTest - Login successful!
2025-03-27 16:56:43 [TestNG-tests-1] INFO  org.imz.tests.LoginTest - Login successful!
2025-03-27 16:56:43 [TestNG-tests-1] INFO  org.imz.tests.LoginTest - Login successful!
2025-03-27 16:56:44 [TestNG-tests-1] INFO  org.imz.tests.LoginTest - Login successful!
2025-03-27 16:56:44 [TestNG-tests-1] INFO  org.imz.tests.LoginTest - Login successful!locked_out_user
2025-03-27 16:58:10 [TestNG-tests-1] INFO  org.imz.tests.LoginTest - Login successful!
2025-03-27 16:58:11 [TestNG-tests-1] INFO  org.imz.tests.LoginTest - Login successful!
2025-03-27 16:58:17 [TestNG-tests-1] INFO  org.imz.tests.LoginTest - Login successful!
2025-03-27 16:58:18 [TestNG-tests-1] INFO  org.imz.tests.LoginTest - Login successful!
2025-03-27 16:58:18 [TestNG-tests-1] INFO  org.imz.tests.LoginTest - Login successful!
2025-03-27 16:58:18 [TestNG-tests-1] INFO  org.imz.tests.LoginTest - Login successful!locked_out_user
2025-03-27 16:58:44 [TestNG-tests-1] INFO  org.imz.tests.LoginTest - Login successful!
2025-03-27 16:58:45 [TestNG-tests-1] INFO  org.imz.tests.LoginTest - Login successful!
2025-03-27 16:58:50 [TestNG-tests-1] INFO  org.imz.tests.LoginTest - Login successful!
2025-03-27 16:58:51 [TestNG-tests-1] INFO  org.imz.tests.LoginTest - Login successful!
2025-03-27 16:58:52 [TestNG-tests-1] INFO  org.imz.tests.LoginTest - Login successful!
2025-03-27 16:58:52 [TestNG-tests-1] INFO  org.imz.tests.LoginTest - Login successful!locked_out_user
2025-03-27 17:02:30 [TestNG-tests-1] INFO  org.imz.tests.LoginTest - Login successful!
2025-03-27 17:02:31 [TestNG-tests-1] INFO  org.imz.tests.LoginTest - Login successful!
2025-03-27 17:02:37 [TestNG-tests-1] INFO  org.imz.tests.LoginTest - Login successful!
2025-03-27 17:02:38 [TestNG-tests-1] INFO  org.imz.tests.LoginTest - Login successful!
2025-03-27 17:02:38 [TestNG-tests-1] INFO  org.imz.tests.LoginTest - Login successful!
2025-03-27 17:03:21 [TestNG-tests-1] INFO  org.imz.tests.LoginTest - Login successful!
2025-03-27 17:03:22 [TestNG-tests-1] INFO  org.imz.tests.LoginTest - Login successful!
2025-03-27 17:03:27 [TestNG-tests-1] INFO  org.imz.tests.LoginTest - Login successful!
2025-03-27 17:03:27 [TestNG-tests-1] INFO  org.imz.tests.LoginTest - Login successful!
2025-03-27 17:03:28 [TestNG-tests-1] INFO  org.imz.tests.LoginTest - Login successful!
2025-03-27 17:03:28 [TestNG-tests-1] INFO  org.imz.tests.LoginTest - Login successful!locked_out_user
2025-03-27 17:05:07 [TestNG-tests-1] INFO  org.imz.tests.LoginTest - Login successful!
2025-03-27 17:05:08 [TestNG-tests-1] INFO  org.imz.tests.LoginTest - Login successful!
2025-03-27 17:05:13 [TestNG-tests-1] INFO  org.imz.tests.LoginTest - Login successful!
2025-03-27 17:05:14 [TestNG-tests-1] INFO  org.imz.tests.LoginTest - Login successful!
2025-03-27 17:05:15 [TestNG-tests-1] INFO  org.imz.tests.LoginTest - Login successful!
2025-03-27 17:05:15 [TestNG-tests-1] INFO  org.imz.tests.LoginTest - Login successful!locked_out_user
2025-03-27 17:05:30 [TestNG-tests-1] INFO  org.imz.tests.LoginTest - Login successful!
2025-03-27 17:05:31 [TestNG-tests-1] INFO  org.imz.tests.LoginTest - Login successful!
2025-03-27 17:05:37 [TestNG-tests-1] INFO  org.imz.tests.LoginTest - Login successful!
2025-03-27 17:05:37 [TestNG-tests-1] INFO  org.imz.tests.LoginTest - Login successful!
2025-03-27 17:05:38 [TestNG-tests-1] INFO  org.imz.tests.LoginTest - Login successful!
2025-03-27 17:06:06 [TestNG-tests-1] INFO  org.imz.tests.LoginTest - Login successful!locked_out_user
2025-03-27 17:08:45 [TestNG-tests-1] INFO  org.imz.tests.LoginTest - Login successful!
2025-03-27 17:08:45 [TestNG-tests-1] INFO  org.imz.tests.LoginTest - Login successful!
2025-03-27 17:08:51 [TestNG-tests-1] INFO  org.imz.tests.LoginTest - Login successful!
2025-03-27 17:08:52 [TestNG-tests-1] INFO  org.imz.tests.LoginTest - Login successful!
2025-03-27 17:08:52 [TestNG-tests-1] INFO  org.imz.tests.LoginTest - Login successful!
2025-03-27 17:08:52 [TestNG-tests-1] INFO  org.imz.tests.LoginTest - Login successful!locked_out_user
2025-03-27 17:10:13 [TestNG-tests-1] INFO  org.imz.tests.LoginTest - Login successful!
2025-03-27 17:10:14 [TestNG-tests-1] INFO  org.imz.tests.LoginTest - Login successful!
2025-03-27 17:10:20 [TestNG-tests-1] INFO  org.imz.tests.LoginTest - Login successful!
2025-03-27 17:10:21 [TestNG-tests-1] INFO  org.imz.tests.LoginTest - Login successful!
2025-03-27 17:10:21 [TestNG-tests-1] INFO  org.imz.tests.LoginTest - Login successful!
2025-03-27 17:10:38 [TestNG-tests-1] INFO  org.imz.tests.LoginTest - Login successful!
2025-03-27 17:10:39 [TestNG-tests-1] INFO  org.imz.tests.LoginTest - Login successful!
2025-03-27 17:10:44 [TestNG-tests-1] INFO  org.imz.tests.LoginTest - Login successful!
2025-03-27 17:10:45 [TestNG-tests-1] INFO  org.imz.tests.LoginTest - Login successful!
2025-03-27 17:10:45 [TestNG-tests-1] INFO  org.imz.tests.LoginTest - Login successful!
2025-03-27 17:14:06 [main] INFO  org.imz.tests.LoginTest - Login successful!
2025-03-27 17:14:07 [main] INFO  org.imz.tests.LoginTest - Login successful!
2025-03-27 17:14:12 [main] INFO  org.imz.tests.LoginTest - Login successful!
2025-03-27 17:14:13 [main] INFO  org.imz.tests.LoginTest - Login successful!
2025-03-27 17:14:13 [main] INFO  org.imz.tests.LoginTest - Login successful!
2025-03-27 17:15:22 [main] INFO  org.imz.tests.LoginTest - Login successful!
2025-03-27 17:15:22 [main] INFO  org.imz.tests.LoginTest - Login successful!
2025-03-27 17:15:28 [main] INFO  org.imz.tests.LoginTest - Login successful!
2025-03-27 17:15:28 [main] INFO  org.imz.tests.LoginTest - Login successful!
2025-03-27 17:15:29 [main] INFO  org.imz.tests.LoginTest - Login successful!
2025-04-03 11:10:48 [main] INFO  org.imz.tests.LoginTest - Login successful!
2025-04-03 11:10:48 [main] INFO  org.imz.tests.LoginTest - Login successful!
2025-04-03 11:10:53 [main] INFO  org.imz.tests.LoginTest - Login successful!
2025-04-03 11:10:53 [main] INFO  org.imz.tests.LoginTest - Login successful!
2025-04-03 11:10:54 [main] INFO  org.imz.tests.LoginTest - Login successful!
2025-04-05 15:13:02 [main] INFO  org.imz.tests.LoginTest - Login successful!
2025-04-05 15:13:02 [main] INFO  org.imz.tests.LoginTest - Login successful!
2025-04-05 15:13:07 [main] INFO  org.imz.tests.LoginTest - Login successful!
2025-04-05 15:13:08 [main] INFO  org.imz.tests.LoginTest - Login successful!
2025-04-05 15:13:09 [main] INFO  org.imz.tests.LoginTest - Login successful!
2025-04-05 15:14:05 [main] INFO  org.imz.tests.LoginTest - Login successful!
2025-04-05 15:14:06 [main] INFO  org.imz.tests.LoginTest - Login successful!
2025-04-05 15:14:11 [main] INFO  org.imz.tests.LoginTest - Login successful!
2025-04-05 15:14:12 [main] INFO  org.imz.tests.LoginTest - Login successful!
2025-04-05 15:14:12 [main] INFO  org.imz.tests.LoginTest - Login successful!
2025-04-05 15:14:55 [TestNG-tests-1] INFO  org.imz.tests.LoginTest - Login successful!
2025-04-05 15:14:55 [TestNG-tests-1] INFO  org.imz.tests.LoginTest - Login successful!
2025-04-05 15:15:01 [TestNG-tests-1] INFO  org.imz.tests.LoginTest - Login successful!
2025-04-05 15:15:01 [TestNG-tests-1] INFO  org.imz.tests.LoginTest - Login successful!
2025-04-05 15:15:02 [TestNG-tests-1] INFO  org.imz.tests.LoginTest - Login successful!
2025-04-05 15:15:40 [TestNG-tests-1] INFO  org.imz.tests.LoginTest - Login successful!
2025-04-05 15:15:40 [TestNG-tests-1] INFO  org.imz.tests.LoginTest - Login successful!
2025-04-05 15:15:46 [TestNG-tests-1] INFO  org.imz.tests.LoginTest - Login successful!
2025-04-05 15:15:46 [TestNG-tests-1] INFO  org.imz.tests.LoginTest - Login successful!
2025-04-05 15:15:47 [TestNG-tests-1] INFO  org.imz.tests.LoginTest - Login successful!
2025-04-05 15:16:08 [TestNG-tests-1] INFO  org.imz.tests.LoginTest - Login successful!
2025-04-05 15:16:09 [TestNG-tests-1] INFO  org.imz.tests.LoginTest - Login successful!
2025-04-05 15:16:14 [TestNG-tests-1] INFO  org.imz.tests.LoginTest - Login successful!
2025-04-05 15:16:15 [TestNG-tests-1] INFO  org.imz.tests.LoginTest - Login successful!
2025-04-05 15:16:15 [TestNG-tests-1] INFO  org.imz.tests.LoginTest - Login successful!
2025-04-05 15:17:46 [main] INFO  org.imz.tests.LoginTest - Login successful!
2025-04-05 15:17:47 [main] INFO  org.imz.tests.LoginTest - Login successful!
2025-04-05 15:17:52 [main] INFO  org.imz.tests.LoginTest - Login successful!
2025-04-05 15:17:53 [main] INFO  org.imz.tests.LoginTest - Login successful!
2025-04-05 15:17:53 [main] INFO  org.imz.tests.LoginTest - Login successful!
2025-04-05 15:18:56 [main] INFO  org.imz.tests.LoginTest - Login successful!
2025-04-05 15:18:57 [main] INFO  org.imz.tests.LoginTest - Login successful!
2025-04-05 15:19:02 [main] INFO  org.imz.tests.LoginTest - Login successful!
2025-04-05 15:19:03 [main] INFO  org.imz.tests.LoginTest - Login successful!
2025-04-05 15:19:04 [main] INFO  org.imz.tests.LoginTest - Login successful!
2025-04-05 15:40:19 [TestNG-tests-1] INFO  org.imz.tests.LoginTest - Login successful!
2025-04-05 15:40:20 [TestNG-tests-1] INFO  org.imz.tests.LoginTest - Login successful!
2025-04-05 15:40:25 [TestNG-tests-1] INFO  org.imz.tests.LoginTest - Login successful!
2025-04-05 15:40:26 [TestNG-tests-1] INFO  org.imz.tests.LoginTest - Login successful!
2025-04-05 15:40:27 [TestNG-tests-1] INFO  org.imz.tests.LoginTest - Login successful!
2025-04-05 15:40:59 [main] INFO  org.imz.tests.LoginTest - Login successful!
2025-04-05 15:41:00 [main] INFO  org.imz.tests.LoginTest - Login successful!
2025-04-05 15:41:05 [main] INFO  org.imz.tests.LoginTest - Login successful!
2025-04-05 15:41:06 [main] INFO  org.imz.tests.LoginTest - Login successful!
2025-04-05 15:41:06 [main] INFO  org.imz.tests.LoginTest - Login successful!
2025-04-05 15:42:03 [main] INFO  org.imz.tests.LoginTest - Login successful!
2025-04-05 15:42:04 [main] INFO  org.imz.tests.LoginTest - Login successful!
2025-04-05 15:42:09 [main] INFO  org.imz.tests.LoginTest - Login successful!
2025-04-05 15:42:10 [main] INFO  org.imz.tests.LoginTest - Login successful!
2025-04-05 15:42:11 [main] INFO  org.imz.tests.LoginTest - Login successful!
2025-04-05 15:42:35 [main] INFO  org.imz.tests.LoginTest - Login successful!
2025-04-05 15:42:35 [main] INFO  org.imz.tests.LoginTest - Login successful!
2025-04-05 15:42:41 [main] INFO  org.imz.tests.LoginTest - Login successful!
2025-04-05 15:42:41 [main] INFO  org.imz.tests.LoginTest - Login successful!
2025-04-05 15:42:42 [main] INFO  org.imz.tests.LoginTest - Login successful!
2025-04-05 15:43:35 [main] INFO  org.imz.tests.LoginTest - Login successful!
2025-04-05 15:43:36 [main] INFO  org.imz.tests.LoginTest - Login successful!
2025-04-05 15:43:41 [main] INFO  org.imz.tests.LoginTest - Login successful!
2025-04-05 15:43:42 [main] INFO  org.imz.tests.LoginTest - Login successful!
2025-04-05 15:43:42 [main] INFO  org.imz.tests.LoginTest - Login successful!
2025-04-05 15:44:31 [main] INFO  org.imz.tests.LoginTest - Login successful!
2025-04-05 15:44:32 [main] INFO  org.imz.tests.LoginTest - Login successful!
2025-04-05 15:44:37 [main] INFO  org.imz.tests.LoginTest - Login successful!
2025-04-05 15:44:38 [main] INFO  org.imz.tests.LoginTest - Login successful!
2025-04-05 15:44:39 [main] INFO  org.imz.tests.LoginTest - Login successful!
2025-04-05 15:45:28 [main] INFO  org.imz.tests.LoginTest - Login successful!
2025-04-05 15:45:29 [main] INFO  org.imz.tests.LoginTest - Login successful!
2025-04-05 15:45:34 [main] INFO  org.imz.tests.LoginTest - Login successful!
2025-04-05 15:45:35 [main] INFO  org.imz.tests.LoginTest - Login successful!
2025-04-05 15:45:36 [main] INFO  org.imz.tests.LoginTest - Login successful!
2025-04-05 15:53:55 [main] INFO  org.imz.tests.LoginTest - Login successful!
2025-04-05 15:54:32 [main] INFO  org.imz.tests.LoginTest - Login successful!
2025-04-05 15:54:51 [main] INFO  org.imz.tests.LoginTest - Login successful!
2025-04-05 21:14:10 [main] INFO  org.imz.tests.LoginTest - Login successful!
2025-04-05 21:14:10 [main] INFO  org.imz.tests.LoginTest - Login successful!
2025-04-05 21:14:15 [main] INFO  org.imz.tests.LoginTest - Login successful!
2025-04-05 21:14:16 [main] INFO  org.imz.tests.LoginTest - Login successful!
2025-04-05 21:14:16 [main] INFO  org.imz.tests.LoginTest - Login successful!
2025-04-05 21:15:22 [TestNG-tests-1] INFO  org.imz.tests.LoginTest - Login successful!
2025-04-05 21:15:40 [TestNG-tests-1] INFO  org.imz.tests.LoginTest - Login successful!
2025-04-05 21:22:10 [main] INFO  org.imz.tests.LoginTest - Login successful!
2025-04-05 21:23:01 [main] INFO  org.imz.tests.LoginTest - Login successful!
2025-04-05 21:24:10 [main] INFO  org.imz.tests.LoginTest - Login successful!
2025-04-05 21:27:26 [TestNG-tests-1] INFO  org.imz.tests.LoginTest - Login successful!
2025-04-05 21:28:29 [TestNG-tests-1] INFO  org.imz.tests.LoginTest - Login successful!
2025-04-05 21:29:07 [main] INFO  org.imz.tests.LoginTest - Login successful!
2025-04-05 21:29:26 [main] INFO  org.imz.tests.LoginTest - Login successful!
2025-04-05 21:30:24 [TestNG-tests-1] INFO  org.imz.tests.LoginTest - Login successful!
2025-04-05 21:31:13 [TestNG-tests-1] INFO  org.imz.tests.LoginTest - Login successful!
2025-04-05 21:46:02 [main] ERROR org.imz.tests.LoginTest - Logout failed
org.openqa.selenium.NoSuchElementException: no such element: Unable to locate element: {"method":"css selector","selector":".bm\-burger\-button"}
  (Session info: chrome=134.0.6998.179)
For documentation on this error, please visit: https://www.selenium.dev/documentation/webdriver/troubleshooting/errors#no-such-element-exception
Build info: version: '4.29.0', revision: '5fc1ec94cb'
System info: os.name: 'Windows 11', os.arch: 'amd64', os.version: '10.0', java.version: '21.0.6'
Driver info: org.openqa.selenium.chrome.ChromeDriver
Command: [ab26e49ff564bdbe81b2b0c57c4a46b0, findElement {value=bm-burger-button, using=class name}]
Capabilities {acceptInsecureCerts: false, browserName: chrome, browserVersion: 134.0.6998.179, chrome: {chromedriverVersion: 134.0.6998.165 (fd886e2cb29..., userDataDir: C:\Users\Lenovo\AppData\Loc...}, fedcm:accounts: true, goog:chromeOptions: {debuggerAddress: localhost:52339}, networkConnectionEnabled: false, pageLoadStrategy: normal, platformName: windows, proxy: Proxy(), se:cdp: ws://localhost:52339/devtoo..., se:cdpVersion: 134.0.6998.179, setWindowRect: true, strictFileInteractability: false, timeouts: {implicit: 0, pageLoad: 300000, script: 30000}, unhandledPromptBehavior: dismiss and notify, webauthn:extension:credBlob: true, webauthn:extension:largeBlob: true, webauthn:extension:minPinLength: true, webauthn:extension:prf: true, webauthn:virtualAuthenticators: true}
Session ID: ab26e49ff564bdbe81b2b0c57c4a46b0
	at jdk.internal.reflect.DirectConstructorHandleAccessor.newInstance(DirectConstructorHandleAccessor.java:62) ~[?:?]
	at java.lang.reflect.Constructor.newInstanceWithCaller(Constructor.java:502) ~[?:?]
	at java.lang.reflect.Constructor.newInstance(Constructor.java:486) ~[?:?]
	at org.openqa.selenium.remote.ErrorCodec.decode(ErrorCodec.java:167) ~[selenium-remote-driver-4.29.0.jar:?]
	at org.openqa.selenium.remote.codec.w3c.W3CHttpResponseCodec.decode(W3CHttpResponseCodec.java:138) ~[selenium-remote-driver-4.29.0.jar:?]
	at org.openqa.selenium.remote.codec.w3c.W3CHttpResponseCodec.decode(W3CHttpResponseCodec.java:50) ~[selenium-remote-driver-4.29.0.jar:?]
	at org.openqa.selenium.remote.HttpCommandExecutor.execute(HttpCommandExecutor.java:215) ~[selenium-remote-driver-4.29.0.jar:?]
	at org.openqa.selenium.remote.service.DriverCommandExecutor.invokeExecute(DriverCommandExecutor.java:216) ~[selenium-remote-driver-4.29.0.jar:?]
	at org.openqa.selenium.remote.service.DriverCommandExecutor.execute(DriverCommandExecutor.java:174) ~[selenium-remote-driver-4.29.0.jar:?]
	at org.openqa.selenium.remote.RemoteWebDriver.execute(RemoteWebDriver.java:545) ~[selenium-remote-driver-4.29.0.jar:?]
	at org.openqa.selenium.remote.ElementLocation$ElementFinder$2.findElement(ElementLocation.java:165) ~[selenium-remote-driver-4.29.0.jar:?]
	at org.openqa.selenium.remote.ElementLocation.findElement(ElementLocation.java:66) ~[selenium-remote-driver-4.29.0.jar:?]
	at org.openqa.selenium.remote.RemoteWebDriver.findElement(RemoteWebDriver.java:368) ~[selenium-remote-driver-4.29.0.jar:?]
	at org.openqa.selenium.remote.RemoteWebDriver.findElement(RemoteWebDriver.java:362) ~[selenium-remote-driver-4.29.0.jar:?]
	at org.openqa.selenium.support.pagefactory.DefaultElementLocator.findElement(DefaultElementLocator.java:68) ~[selenium-support-4.29.0.jar:?]
	at org.openqa.selenium.support.pagefactory.internal.LocatingElementHandler.invoke(LocatingElementHandler.java:38) ~[selenium-support-4.29.0.jar:?]
	at jdk.proxy2.$Proxy26.isDisplayed(Unknown Source) ~[?:?]
	at org.imz.utils.ElementFluentWaitUtility.lambda$getElementByFluentWait$0(ElementFluentWaitUtility.java:25) ~[classes/:?]
	at org.openqa.selenium.support.ui.FluentWait.until(FluentWait.java:203) ~[selenium-support-4.29.0.jar:?]
	at org.imz.utils.ElementFluentWaitUtility.getElementByFluentWait(ElementFluentWaitUtility.java:24) ~[classes/:?]
	at org.imz.pages.LogoutPage.logout(LogoutPage.java:29) ~[classes/:?]
	at org.imz.tests.LoginTest.testLogout(LoginTest.java:65) ~[test-classes/:?]
	at jdk.internal.reflect.DirectMethodHandleAccessor.invoke(DirectMethodHandleAccessor.java:103) ~[?:?]
	at java.lang.reflect.Method.invoke(Method.java:580) ~[?:?]
	at org.testng.internal.invokers.MethodInvocationHelper.invokeMethod(MethodInvocationHelper.java:141) ~[testng-7.11.0.jar:7.11.0]
	at org.testng.internal.invokers.MethodInvocationHelper.invokeMethodConsideringTimeout(MethodInvocationHelper.java:71) ~[testng-7.11.0.jar:7.11.0]
	at org.testng.internal.invokers.ConfigInvoker.invokeConfigurationMethod(ConfigInvoker.java:400) ~[testng-7.11.0.jar:7.11.0]
	at org.testng.internal.invokers.ConfigInvoker.invokeConfigurations(ConfigInvoker.java:333) ~[testng-7.11.0.jar:7.11.0]
	at org.testng.internal.invokers.TestInvoker.runConfigMethods(TestInvoker.java:836) ~[testng-7.11.0.jar:7.11.0]
	at org.testng.internal.invokers.TestInvoker.runAfterConfigurations(TestInvoker.java:805) ~[testng-7.11.0.jar:7.11.0]
	at org.testng.internal.invokers.TestInvoker.invokeMethod(TestInvoker.java:781) ~[testng-7.11.0.jar:7.11.0]
	at org.testng.internal.invokers.TestInvoker.invokeTestMethod(TestInvoker.java:230) ~[testng-7.11.0.jar:7.11.0]
	at org.testng.internal.invokers.MethodRunner.runInSequence(MethodRunner.java:63) ~[testng-7.11.0.jar:7.11.0]
	at org.testng.internal.invokers.TestInvoker$MethodInvocationAgent.invoke(TestInvoker.java:995) ~[testng-7.11.0.jar:7.11.0]
	at org.testng.internal.invokers.TestInvoker.invokeTestMethods(TestInvoker.java:203) ~[testng-7.11.0.jar:7.11.0]
	at org.testng.internal.invokers.TestMethodWorker.invokeTestMethods(TestMethodWorker.java:154) ~[testng-7.11.0.jar:7.11.0]
	at org.testng.internal.invokers.TestMethodWorker.run(TestMethodWorker.java:134) ~[testng-7.11.0.jar:7.11.0]
	at java.util.ArrayList.forEach(ArrayList.java:1596) [?:?]
	at org.testng.TestRunner.privateRun(TestRunner.java:741) [testng-7.11.0.jar:7.11.0]
	at org.testng.TestRunner.run(TestRunner.java:616) [testng-7.11.0.jar:7.11.0]
	at org.testng.SuiteRunner.runTest(SuiteRunner.java:421) [testng-7.11.0.jar:7.11.0]
	at org.testng.SuiteRunner.runSequentially(SuiteRunner.java:413) [testng-7.11.0.jar:7.11.0]
	at org.testng.SuiteRunner.privateRun(SuiteRunner.java:373) [testng-7.11.0.jar:7.11.0]
	at org.testng.SuiteRunner.run(SuiteRunner.java:312) [testng-7.11.0.jar:7.11.0]
	at org.testng.SuiteRunnerWorker.runSuite(SuiteRunnerWorker.java:52) [testng-7.11.0.jar:7.11.0]
	at org.testng.SuiteRunnerWorker.run(SuiteRunnerWorker.java:95) [testng-7.11.0.jar:7.11.0]
	at org.testng.TestNG.runSuitesSequentially(TestNG.java:1274) [testng-7.11.0.jar:7.11.0]
	at org.testng.TestNG.runSuitesLocally(TestNG.java:1208) [testng-7.11.0.jar:7.11.0]
	at org.testng.TestNG.runSuites(TestNG.java:1112) [testng-7.11.0.jar:7.11.0]
	at org.testng.TestNG.run(TestNG.java:1079) [testng-7.11.0.jar:7.11.0]
	at org.apache.maven.surefire.testng.TestNGExecutor.run(TestNGExecutor.java:77) [surefire-testng-2.12.4.jar:2.12.4]
	at org.apache.maven.surefire.testng.TestNGDirectoryTestSuite.executeMulti(TestNGDirectoryTestSuite.java:159) [surefire-testng-2.12.4.jar:2.12.4]
	at org.apache.maven.surefire.testng.TestNGDirectoryTestSuite.execute(TestNGDirectoryTestSuite.java:99) [surefire-testng-2.12.4.jar:2.12.4]
	at org.apache.maven.surefire.testng.TestNGProvider.invoke(TestNGProvider.java:106) [surefire-testng-2.12.4.jar:2.12.4]
	at jdk.internal.reflect.DirectMethodHandleAccessor.invoke(DirectMethodHandleAccessor.java:103) ~[?:?]
	at java.lang.reflect.Method.invoke(Method.java:580) ~[?:?]
	at org.apache.maven.surefire.util.ReflectionUtils.invokeMethodWithArray(ReflectionUtils.java:189) [surefire-api-2.12.4.jar:2.12.4]
	at org.apache.maven.surefire.booter.ProviderFactory$ProviderProxy.invoke(ProviderFactory.java:165) [surefire-booter-2.12.4.jar:2.12.4]
	at org.apache.maven.surefire.booter.ProviderFactory.invokeProvider(ProviderFactory.java:85) [surefire-booter-2.12.4.jar:2.12.4]
	at org.apache.maven.surefire.booter.ForkedBooter.runSuitesInProcess(ForkedBooter.java:115) [surefire-booter-2.12.4.jar:2.12.4]
	at org.apache.maven.surefire.booter.ForkedBooter.main(ForkedBooter.java:75) [surefire-booter-2.12.4.jar:2.12.4]
2025-04-05 21:46:04 [main] INFO  org.imz.tests.LoginTest - Login successful!
2025-04-05 21:47:54 [TestNG-tests-1] ERROR org.imz.tests.LoginTest - Logout failed
org.openqa.selenium.NoSuchElementException: no such element: Unable to locate element: {"method":"css selector","selector":".bm\-burger\-button"}
  (Session info: chrome=134.0.6998.179)
For documentation on this error, please visit: https://www.selenium.dev/documentation/webdriver/troubleshooting/errors#no-such-element-exception
Build info: version: '4.29.0', revision: '5fc1ec94cb'
System info: os.name: 'Windows 11', os.arch: 'amd64', os.version: '10.0', java.version: '21.0.6'
Driver info: org.openqa.selenium.chrome.ChromeDriver
Command: [9a240601a08277c5af78a77753184bd7, findElement {value=bm-burger-button, using=class name}]
Capabilities {acceptInsecureCerts: false, browserName: chrome, browserVersion: 134.0.6998.179, chrome: {chromedriverVersion: 134.0.6998.165 (fd886e2cb29..., userDataDir: C:\Users\Lenovo\AppData\Loc...}, fedcm:accounts: true, goog:chromeOptions: {debuggerAddress: localhost:52393}, networkConnectionEnabled: false, pageLoadStrategy: normal, platformName: windows, proxy: Proxy(), se:cdp: ws://localhost:52393/devtoo..., se:cdpVersion: 134.0.6998.179, setWindowRect: true, strictFileInteractability: false, timeouts: {implicit: 0, pageLoad: 300000, script: 30000}, unhandledPromptBehavior: dismiss and notify, webauthn:extension:credBlob: true, webauthn:extension:largeBlob: true, webauthn:extension:minPinLength: true, webauthn:extension:prf: true, webauthn:virtualAuthenticators: true}
Session ID: 9a240601a08277c5af78a77753184bd7
	at jdk.internal.reflect.DirectConstructorHandleAccessor.newInstance(DirectConstructorHandleAccessor.java:62) ~[?:?]
	at java.lang.reflect.Constructor.newInstanceWithCaller(Constructor.java:502) ~[?:?]
	at java.lang.reflect.Constructor.newInstance(Constructor.java:486) ~[?:?]
	at org.openqa.selenium.remote.ErrorCodec.decode(ErrorCodec.java:167) ~[selenium-remote-driver-4.29.0.jar:?]
	at org.openqa.selenium.remote.codec.w3c.W3CHttpResponseCodec.decode(W3CHttpResponseCodec.java:138) ~[selenium-remote-driver-4.29.0.jar:?]
	at org.openqa.selenium.remote.codec.w3c.W3CHttpResponseCodec.decode(W3CHttpResponseCodec.java:50) ~[selenium-remote-driver-4.29.0.jar:?]
	at org.openqa.selenium.remote.HttpCommandExecutor.execute(HttpCommandExecutor.java:215) ~[selenium-remote-driver-4.29.0.jar:?]
	at org.openqa.selenium.remote.service.DriverCommandExecutor.invokeExecute(DriverCommandExecutor.java:216) ~[selenium-remote-driver-4.29.0.jar:?]
	at org.openqa.selenium.remote.service.DriverCommandExecutor.execute(DriverCommandExecutor.java:174) ~[selenium-remote-driver-4.29.0.jar:?]
	at org.openqa.selenium.remote.RemoteWebDriver.execute(RemoteWebDriver.java:545) ~[selenium-remote-driver-4.29.0.jar:?]
	at org.openqa.selenium.remote.ElementLocation$ElementFinder$2.findElement(ElementLocation.java:165) ~[selenium-remote-driver-4.29.0.jar:?]
	at org.openqa.selenium.remote.ElementLocation.findElement(ElementLocation.java:66) ~[selenium-remote-driver-4.29.0.jar:?]
	at org.openqa.selenium.remote.RemoteWebDriver.findElement(RemoteWebDriver.java:368) ~[selenium-remote-driver-4.29.0.jar:?]
	at org.openqa.selenium.remote.RemoteWebDriver.findElement(RemoteWebDriver.java:362) ~[selenium-remote-driver-4.29.0.jar:?]
	at org.openqa.selenium.support.pagefactory.DefaultElementLocator.findElement(DefaultElementLocator.java:68) ~[selenium-support-4.29.0.jar:?]
	at org.openqa.selenium.support.pagefactory.internal.LocatingElementHandler.invoke(LocatingElementHandler.java:38) ~[selenium-support-4.29.0.jar:?]
	at jdk.proxy2.$Proxy28.isDisplayed(Unknown Source) ~[?:?]
	at org.imz.utils.ElementFluentWaitUtility.lambda$getElementByFluentWait$0(ElementFluentWaitUtility.java:25) ~[classes/:?]
	at org.openqa.selenium.support.ui.FluentWait.until(FluentWait.java:203) ~[selenium-support-4.29.0.jar:?]
	at org.imz.utils.ElementFluentWaitUtility.getElementByFluentWait(ElementFluentWaitUtility.java:24) ~[classes/:?]
	at org.imz.pages.LogoutPage.logout(LogoutPage.java:29) ~[classes/:?]
	at org.imz.tests.LoginTest.testLogout(LoginTest.java:65) ~[test-classes/:?]
	at jdk.internal.reflect.DirectMethodHandleAccessor.invoke(DirectMethodHandleAccessor.java:103) ~[?:?]
	at java.lang.reflect.Method.invoke(Method.java:580) ~[?:?]
	at org.testng.internal.invokers.MethodInvocationHelper.invokeMethod(MethodInvocationHelper.java:141) ~[testng-7.11.0.jar:7.11.0]
	at org.testng.internal.invokers.MethodInvocationHelper.invokeMethodConsideringTimeout(MethodInvocationHelper.java:71) ~[testng-7.11.0.jar:7.11.0]
	at org.testng.internal.invokers.ConfigInvoker.invokeConfigurationMethod(ConfigInvoker.java:400) ~[testng-7.11.0.jar:7.11.0]
	at org.testng.internal.invokers.ConfigInvoker.invokeConfigurations(ConfigInvoker.java:333) ~[testng-7.11.0.jar:7.11.0]
	at org.testng.internal.invokers.TestInvoker.runConfigMethods(TestInvoker.java:836) ~[testng-7.11.0.jar:7.11.0]
	at org.testng.internal.invokers.TestInvoker.runAfterConfigurations(TestInvoker.java:805) ~[testng-7.11.0.jar:7.11.0]
	at org.testng.internal.invokers.TestInvoker.invokeMethod(TestInvoker.java:781) ~[testng-7.11.0.jar:7.11.0]
	at org.testng.internal.invokers.TestInvoker.invokeTestMethod(TestInvoker.java:230) ~[testng-7.11.0.jar:7.11.0]
	at org.testng.internal.invokers.MethodRunner.runInSequence(MethodRunner.java:63) ~[testng-7.11.0.jar:7.11.0]
	at org.testng.internal.invokers.TestInvoker$MethodInvocationAgent.invoke(TestInvoker.java:995) ~[testng-7.11.0.jar:7.11.0]
	at org.testng.internal.invokers.TestInvoker.invokeTestMethods(TestInvoker.java:203) ~[testng-7.11.0.jar:7.11.0]
	at org.testng.internal.invokers.TestMethodWorker.invokeTestMethods(TestMethodWorker.java:154) ~[testng-7.11.0.jar:7.11.0]
	at org.testng.internal.invokers.TestMethodWorker.run(TestMethodWorker.java:134) ~[testng-7.11.0.jar:7.11.0]
	at java.util.ArrayList.forEach(ArrayList.java:1596) ~[?:?]
	at org.testng.TestRunner.privateRun(TestRunner.java:741) ~[testng-7.11.0.jar:7.11.0]
	at org.testng.TestRunner.run(TestRunner.java:616) ~[testng-7.11.0.jar:7.11.0]
	at org.testng.SuiteRunner.runTest(SuiteRunner.java:421) ~[testng-7.11.0.jar:7.11.0]
	at org.testng.SuiteRunner$SuiteWorker.run(SuiteRunner.java:463) ~[testng-7.11.0.jar:7.11.0]
	at org.testng.internal.thread.ThreadUtil.lambda$execute$0(ThreadUtil.java:64) ~[testng-7.11.0.jar:7.11.0]
	at java.util.concurrent.FutureTask.run$$$capture(FutureTask.java:317) ~[?:?]
	at java.util.concurrent.FutureTask.run(FutureTask.java) ~[?:?]
	at java.util.concurrent.ThreadPoolExecutor.runWorker(ThreadPoolExecutor.java:1144) ~[?:?]
	at java.util.concurrent.ThreadPoolExecutor$Worker.run(ThreadPoolExecutor.java:642) ~[?:?]
	at java.lang.Thread.run(Thread.java:1583) [?:?]
2025-04-05 21:47:54 [TestNG-tests-1] INFO  org.imz.tests.LoginTest - Login successful!
2025-04-05 21:50:42 [TestNG-tests-1] ERROR org.imz.tests.LoginTest - Logout failed
org.openqa.selenium.NoSuchElementException: no such element: Unable to locate element: {"method":"css selector","selector":".bm\-burger\-button"}
  (Session info: chrome=134.0.6998.179)
For documentation on this error, please visit: https://www.selenium.dev/documentation/webdriver/troubleshooting/errors#no-such-element-exception
Build info: version: '4.29.0', revision: '5fc1ec94cb'
System info: os.name: 'Windows 11', os.arch: 'amd64', os.version: '10.0', java.version: '21.0.6'
Driver info: org.openqa.selenium.chrome.ChromeDriver
Command: [844abc94ae3d790781d2bb1a59d202cb, findElement {value=bm-burger-button, using=class name}]
Capabilities {acceptInsecureCerts: false, browserName: chrome, browserVersion: 134.0.6998.179, chrome: {chromedriverVersion: 134.0.6998.165 (fd886e2cb29..., userDataDir: C:\Users\Lenovo\AppData\Loc...}, fedcm:accounts: true, goog:chromeOptions: {debuggerAddress: localhost:52468}, networkConnectionEnabled: false, pageLoadStrategy: normal, platformName: windows, proxy: Proxy(), se:cdp: ws://localhost:52468/devtoo..., se:cdpVersion: 134.0.6998.179, setWindowRect: true, strictFileInteractability: false, timeouts: {implicit: 0, pageLoad: 300000, script: 30000}, unhandledPromptBehavior: dismiss and notify, webauthn:extension:credBlob: true, webauthn:extension:largeBlob: true, webauthn:extension:minPinLength: true, webauthn:extension:prf: true, webauthn:virtualAuthenticators: true}
Session ID: 844abc94ae3d790781d2bb1a59d202cb
	at jdk.internal.reflect.DirectConstructorHandleAccessor.newInstance(DirectConstructorHandleAccessor.java:62) ~[?:?]
	at java.lang.reflect.Constructor.newInstanceWithCaller(Constructor.java:502) ~[?:?]
	at java.lang.reflect.Constructor.newInstance(Constructor.java:486) ~[?:?]
	at org.openqa.selenium.remote.ErrorCodec.decode(ErrorCodec.java:167) ~[selenium-remote-driver-4.29.0.jar:?]
	at org.openqa.selenium.remote.codec.w3c.W3CHttpResponseCodec.decode(W3CHttpResponseCodec.java:138) ~[selenium-remote-driver-4.29.0.jar:?]
	at org.openqa.selenium.remote.codec.w3c.W3CHttpResponseCodec.decode(W3CHttpResponseCodec.java:50) ~[selenium-remote-driver-4.29.0.jar:?]
	at org.openqa.selenium.remote.HttpCommandExecutor.execute(HttpCommandExecutor.java:215) ~[selenium-remote-driver-4.29.0.jar:?]
	at org.openqa.selenium.remote.service.DriverCommandExecutor.invokeExecute(DriverCommandExecutor.java:216) ~[selenium-remote-driver-4.29.0.jar:?]
	at org.openqa.selenium.remote.service.DriverCommandExecutor.execute(DriverCommandExecutor.java:174) ~[selenium-remote-driver-4.29.0.jar:?]
	at org.openqa.selenium.remote.RemoteWebDriver.execute(RemoteWebDriver.java:545) ~[selenium-remote-driver-4.29.0.jar:?]
	at org.openqa.selenium.remote.ElementLocation$ElementFinder$2.findElement(ElementLocation.java:165) ~[selenium-remote-driver-4.29.0.jar:?]
	at org.openqa.selenium.remote.ElementLocation.findElement(ElementLocation.java:59) ~[selenium-remote-driver-4.29.0.jar:?]
	at org.openqa.selenium.remote.RemoteWebDriver.findElement(RemoteWebDriver.java:368) ~[selenium-remote-driver-4.29.0.jar:?]
	at org.openqa.selenium.remote.RemoteWebDriver.findElement(RemoteWebDriver.java:362) ~[selenium-remote-driver-4.29.0.jar:?]
	at org.openqa.selenium.support.pagefactory.DefaultElementLocator.findElement(DefaultElementLocator.java:68) ~[selenium-support-4.29.0.jar:?]
	at org.openqa.selenium.support.pagefactory.internal.LocatingElementHandler.invoke(LocatingElementHandler.java:38) ~[selenium-support-4.29.0.jar:?]
	at jdk.proxy2.$Proxy28.isDisplayed(Unknown Source) ~[?:?]
	at org.imz.utils.ElementFluentWaitUtility.lambda$getElementByFluentWait$0(ElementFluentWaitUtility.java:25) ~[classes/:?]
	at org.openqa.selenium.support.ui.FluentWait.until(FluentWait.java:203) ~[selenium-support-4.29.0.jar:?]
	at org.imz.utils.ElementFluentWaitUtility.getElementByFluentWait(ElementFluentWaitUtility.java:24) ~[classes/:?]
	at org.imz.pages.LogoutPage.logout(LogoutPage.java:29) ~[classes/:?]
	at org.imz.tests.LoginTest.testLogout(LoginTest.java:65) ~[test-classes/:?]
	at jdk.internal.reflect.DirectMethodHandleAccessor.invoke(DirectMethodHandleAccessor.java:103) ~[?:?]
	at java.lang.reflect.Method.invoke(Method.java:580) ~[?:?]
	at org.testng.internal.invokers.MethodInvocationHelper.invokeMethod(MethodInvocationHelper.java:141) ~[testng-7.11.0.jar:7.11.0]
	at org.testng.internal.invokers.MethodInvocationHelper.invokeMethodConsideringTimeout(MethodInvocationHelper.java:71) ~[testng-7.11.0.jar:7.11.0]
	at org.testng.internal.invokers.ConfigInvoker.invokeConfigurationMethod(ConfigInvoker.java:400) ~[testng-7.11.0.jar:7.11.0]
	at org.testng.internal.invokers.ConfigInvoker.invokeConfigurations(ConfigInvoker.java:333) ~[testng-7.11.0.jar:7.11.0]
	at org.testng.internal.invokers.TestInvoker.runConfigMethods(TestInvoker.java:836) ~[testng-7.11.0.jar:7.11.0]
	at org.testng.internal.invokers.TestInvoker.runAfterConfigurations(TestInvoker.java:805) ~[testng-7.11.0.jar:7.11.0]
	at org.testng.internal.invokers.TestInvoker.invokeMethod(TestInvoker.java:781) ~[testng-7.11.0.jar:7.11.0]
	at org.testng.internal.invokers.TestInvoker.invokeTestMethod(TestInvoker.java:230) ~[testng-7.11.0.jar:7.11.0]
	at org.testng.internal.invokers.MethodRunner.runInSequence(MethodRunner.java:63) ~[testng-7.11.0.jar:7.11.0]
	at org.testng.internal.invokers.TestInvoker$MethodInvocationAgent.invoke(TestInvoker.java:995) ~[testng-7.11.0.jar:7.11.0]
	at org.testng.internal.invokers.TestInvoker.invokeTestMethods(TestInvoker.java:203) ~[testng-7.11.0.jar:7.11.0]
	at org.testng.internal.invokers.TestMethodWorker.invokeTestMethods(TestMethodWorker.java:154) ~[testng-7.11.0.jar:7.11.0]
	at org.testng.internal.invokers.TestMethodWorker.run(TestMethodWorker.java:134) ~[testng-7.11.0.jar:7.11.0]
	at java.util.ArrayList.forEach(ArrayList.java:1596) ~[?:?]
	at org.testng.TestRunner.privateRun(TestRunner.java:741) ~[testng-7.11.0.jar:7.11.0]
	at org.testng.TestRunner.run(TestRunner.java:616) ~[testng-7.11.0.jar:7.11.0]
	at org.testng.SuiteRunner.runTest(SuiteRunner.java:421) ~[testng-7.11.0.jar:7.11.0]
	at org.testng.SuiteRunner$SuiteWorker.run(SuiteRunner.java:463) ~[testng-7.11.0.jar:7.11.0]
	at org.testng.internal.thread.ThreadUtil.lambda$execute$0(ThreadUtil.java:64) ~[testng-7.11.0.jar:7.11.0]
	at java.util.concurrent.FutureTask.run$$$capture(FutureTask.java:317) ~[?:?]
	at java.util.concurrent.FutureTask.run(FutureTask.java) ~[?:?]
	at java.util.concurrent.ThreadPoolExecutor.runWorker(ThreadPoolExecutor.java:1144) ~[?:?]
	at java.util.concurrent.ThreadPoolExecutor$Worker.run(ThreadPoolExecutor.java:642) ~[?:?]
	at java.lang.Thread.run(Thread.java:1583) [?:?]
2025-04-05 21:53:07 [TestNG-tests-1] ERROR org.imz.tests.LoginTest - Logout failed
org.openqa.selenium.NoSuchElementException: no such element: Unable to locate element: {"method":"css selector","selector":".bm\-burger\-button"}
  (Session info: chrome=134.0.6998.179)
For documentation on this error, please visit: https://www.selenium.dev/documentation/webdriver/troubleshooting/errors#no-such-element-exception
Build info: version: '4.29.0', revision: '5fc1ec94cb'
System info: os.name: 'Windows 11', os.arch: 'amd64', os.version: '10.0', java.version: '21.0.6'
Driver info: org.openqa.selenium.chrome.ChromeDriver
Command: [ec620871236e09b757c9b6546661b737, findElement {using=class name, value=bm-burger-button}]
Capabilities {acceptInsecureCerts: false, browserName: chrome, browserVersion: 134.0.6998.179, chrome: {chromedriverVersion: 134.0.6998.165 (fd886e2cb29..., userDataDir: C:\Users\Lenovo\AppData\Loc...}, fedcm:accounts: true, goog:chromeOptions: {debuggerAddress: localhost:52579}, networkConnectionEnabled: false, pageLoadStrategy: normal, platformName: windows, proxy: Proxy(), se:cdp: ws://localhost:52579/devtoo..., se:cdpVersion: 134.0.6998.179, setWindowRect: true, strictFileInteractability: false, timeouts: {implicit: 0, pageLoad: 300000, script: 30000}, unhandledPromptBehavior: dismiss and notify, webauthn:extension:credBlob: true, webauthn:extension:largeBlob: true, webauthn:extension:minPinLength: true, webauthn:extension:prf: true, webauthn:virtualAuthenticators: true}
Session ID: ec620871236e09b757c9b6546661b737
	at jdk.internal.reflect.DirectConstructorHandleAccessor.newInstance(DirectConstructorHandleAccessor.java:62) ~[?:?]
	at java.lang.reflect.Constructor.newInstanceWithCaller(Constructor.java:502) ~[?:?]
	at java.lang.reflect.Constructor.newInstance(Constructor.java:486) ~[?:?]
	at org.openqa.selenium.remote.ErrorCodec.decode(ErrorCodec.java:167) ~[selenium-remote-driver-4.29.0.jar:?]
	at org.openqa.selenium.remote.codec.w3c.W3CHttpResponseCodec.decode(W3CHttpResponseCodec.java:138) ~[selenium-remote-driver-4.29.0.jar:?]
	at org.openqa.selenium.remote.codec.w3c.W3CHttpResponseCodec.decode(W3CHttpResponseCodec.java:50) ~[selenium-remote-driver-4.29.0.jar:?]
	at org.openqa.selenium.remote.HttpCommandExecutor.execute(HttpCommandExecutor.java:215) ~[selenium-remote-driver-4.29.0.jar:?]
	at org.openqa.selenium.remote.service.DriverCommandExecutor.invokeExecute(DriverCommandExecutor.java:216) ~[selenium-remote-driver-4.29.0.jar:?]
	at org.openqa.selenium.remote.service.DriverCommandExecutor.execute(DriverCommandExecutor.java:174) ~[selenium-remote-driver-4.29.0.jar:?]
	at org.openqa.selenium.remote.RemoteWebDriver.execute(RemoteWebDriver.java:545) ~[selenium-remote-driver-4.29.0.jar:?]
	at org.openqa.selenium.remote.ElementLocation$ElementFinder$2.findElement(ElementLocation.java:165) ~[selenium-remote-driver-4.29.0.jar:?]
	at org.openqa.selenium.remote.ElementLocation.findElement(ElementLocation.java:59) ~[selenium-remote-driver-4.29.0.jar:?]
	at org.openqa.selenium.remote.RemoteWebDriver.findElement(RemoteWebDriver.java:368) ~[selenium-remote-driver-4.29.0.jar:?]
	at org.openqa.selenium.remote.RemoteWebDriver.findElement(RemoteWebDriver.java:362) ~[selenium-remote-driver-4.29.0.jar:?]
	at org.openqa.selenium.support.pagefactory.DefaultElementLocator.findElement(DefaultElementLocator.java:68) ~[selenium-support-4.29.0.jar:?]
	at org.openqa.selenium.support.pagefactory.internal.LocatingElementHandler.invoke(LocatingElementHandler.java:38) ~[selenium-support-4.29.0.jar:?]
	at jdk.proxy2.$Proxy28.isDisplayed(Unknown Source) ~[?:?]
	at org.imz.utils.ElementFluentWaitUtility.lambda$getElementByFluentWait$0(ElementFluentWaitUtility.java:25) ~[classes/:?]
	at org.openqa.selenium.support.ui.FluentWait.until(FluentWait.java:203) ~[selenium-support-4.29.0.jar:?]
	at org.imz.utils.ElementFluentWaitUtility.getElementByFluentWait(ElementFluentWaitUtility.java:24) ~[classes/:?]
	at org.imz.pages.LogoutPage.logout(LogoutPage.java:29) ~[classes/:?]
	at org.imz.tests.LoginTest.testLogout(LoginTest.java:65) ~[test-classes/:?]
	at jdk.internal.reflect.DirectMethodHandleAccessor.invoke(DirectMethodHandleAccessor.java:103) ~[?:?]
	at java.lang.reflect.Method.invoke(Method.java:580) ~[?:?]
	at org.testng.internal.invokers.MethodInvocationHelper.invokeMethod(MethodInvocationHelper.java:141) ~[testng-7.11.0.jar:7.11.0]
	at org.testng.internal.invokers.MethodInvocationHelper.invokeMethodConsideringTimeout(MethodInvocationHelper.java:71) ~[testng-7.11.0.jar:7.11.0]
	at org.testng.internal.invokers.ConfigInvoker.invokeConfigurationMethod(ConfigInvoker.java:400) ~[testng-7.11.0.jar:7.11.0]
	at org.testng.internal.invokers.ConfigInvoker.invokeConfigurations(ConfigInvoker.java:333) ~[testng-7.11.0.jar:7.11.0]
	at org.testng.internal.invokers.TestInvoker.runConfigMethods(TestInvoker.java:836) ~[testng-7.11.0.jar:7.11.0]
	at org.testng.internal.invokers.TestInvoker.runAfterConfigurations(TestInvoker.java:805) ~[testng-7.11.0.jar:7.11.0]
	at org.testng.internal.invokers.TestInvoker.invokeMethod(TestInvoker.java:781) ~[testng-7.11.0.jar:7.11.0]
	at org.testng.internal.invokers.TestInvoker.invokeTestMethod(TestInvoker.java:230) ~[testng-7.11.0.jar:7.11.0]
	at org.testng.internal.invokers.MethodRunner.runInSequence(MethodRunner.java:63) ~[testng-7.11.0.jar:7.11.0]
	at org.testng.internal.invokers.TestInvoker$MethodInvocationAgent.invoke(TestInvoker.java:995) ~[testng-7.11.0.jar:7.11.0]
	at org.testng.internal.invokers.TestInvoker.invokeTestMethods(TestInvoker.java:203) ~[testng-7.11.0.jar:7.11.0]
	at org.testng.internal.invokers.TestMethodWorker.invokeTestMethods(TestMethodWorker.java:154) ~[testng-7.11.0.jar:7.11.0]
	at org.testng.internal.invokers.TestMethodWorker.run(TestMethodWorker.java:134) ~[testng-7.11.0.jar:7.11.0]
	at java.util.ArrayList.forEach(ArrayList.java:1596) ~[?:?]
	at org.testng.TestRunner.privateRun(TestRunner.java:741) ~[testng-7.11.0.jar:7.11.0]
	at org.testng.TestRunner.run(TestRunner.java:616) ~[testng-7.11.0.jar:7.11.0]
	at org.testng.SuiteRunner.runTest(SuiteRunner.java:421) ~[testng-7.11.0.jar:7.11.0]
	at org.testng.SuiteRunner$SuiteWorker.run(SuiteRunner.java:463) ~[testng-7.11.0.jar:7.11.0]
	at org.testng.internal.thread.ThreadUtil.lambda$execute$0(ThreadUtil.java:64) ~[testng-7.11.0.jar:7.11.0]
	at java.util.concurrent.FutureTask.run$$$capture(FutureTask.java:317) ~[?:?]
	at java.util.concurrent.FutureTask.run(FutureTask.java) ~[?:?]
	at java.util.concurrent.ThreadPoolExecutor.runWorker(ThreadPoolExecutor.java:1144) ~[?:?]
	at java.util.concurrent.ThreadPoolExecutor$Worker.run(ThreadPoolExecutor.java:642) ~[?:?]
	at java.lang.Thread.run(Thread.java:1583) [?:?]
2025-04-05 21:53:24 [TestNG-tests-1] INFO  org.imz.tests.LoginTest - Login successful!
2025-04-05 21:54:24 [main] ERROR org.imz.tests.LoginTest - Logout failed
org.openqa.selenium.NoSuchSessionException: invalid session id: session deleted as the browser has closed the connection
from disconnected: not connected to DevTools
  (Session info: chrome=134.0.6998.179)
Build info: version: '4.29.0', revision: '5fc1ec94cb'
System info: os.name: 'Windows 11', os.arch: 'amd64', os.version: '10.0', java.version: '21.0.6'
Driver info: org.openqa.selenium.chrome.ChromeDriver
Command: [ab26e49ff564bdbe81b2b0c57c4a46b0, findElement {value=logout_sidebar_link, using=id}]
Capabilities {acceptInsecureCerts: false, browserName: chrome, browserVersion: 134.0.6998.179, chrome: {chromedriverVersion: 134.0.6998.165 (fd886e2cb29..., userDataDir: C:\Users\Lenovo\AppData\Loc...}, fedcm:accounts: true, goog:chromeOptions: {debuggerAddress: localhost:52339}, networkConnectionEnabled: false, pageLoadStrategy: normal, platformName: windows, proxy: Proxy(), se:cdp: ws://localhost:52339/devtoo..., se:cdpVersion: 134.0.6998.179, setWindowRect: true, strictFileInteractability: false, timeouts: {implicit: 0, pageLoad: 300000, script: 30000}, unhandledPromptBehavior: dismiss and notify, webauthn:extension:credBlob: true, webauthn:extension:largeBlob: true, webauthn:extension:minPinLength: true, webauthn:extension:prf: true, webauthn:virtualAuthenticators: true}
Session ID: ab26e49ff564bdbe81b2b0c57c4a46b0
	at jdk.internal.reflect.DirectConstructorHandleAccessor.newInstance(DirectConstructorHandleAccessor.java:62) ~[?:?]
	at java.lang.reflect.Constructor.newInstanceWithCaller(Constructor.java:502) ~[?:?]
	at java.lang.reflect.Constructor.newInstance(Constructor.java:486) ~[?:?]
	at org.openqa.selenium.remote.ErrorCodec.decode(ErrorCodec.java:167) ~[selenium-remote-driver-4.29.0.jar:?]
	at org.openqa.selenium.remote.codec.w3c.W3CHttpResponseCodec.decode(W3CHttpResponseCodec.java:138) ~[selenium-remote-driver-4.29.0.jar:?]
	at org.openqa.selenium.remote.codec.w3c.W3CHttpResponseCodec.decode(W3CHttpResponseCodec.java:50) ~[selenium-remote-driver-4.29.0.jar:?]
	at org.openqa.selenium.remote.HttpCommandExecutor.execute(HttpCommandExecutor.java:215) ~[selenium-remote-driver-4.29.0.jar:?]
	at org.openqa.selenium.remote.service.DriverCommandExecutor.invokeExecute(DriverCommandExecutor.java:216) ~[selenium-remote-driver-4.29.0.jar:?]
	at org.openqa.selenium.remote.service.DriverCommandExecutor.execute(DriverCommandExecutor.java:174) ~[selenium-remote-driver-4.29.0.jar:?]
	at org.openqa.selenium.remote.RemoteWebDriver.execute(RemoteWebDriver.java:545) ~[selenium-remote-driver-4.29.0.jar:?]
	at org.openqa.selenium.remote.ElementLocation$ElementFinder$2.findElement(ElementLocation.java:165) ~[selenium-remote-driver-4.29.0.jar:?]
	at org.openqa.selenium.remote.ElementLocation.findElement(ElementLocation.java:59) ~[selenium-remote-driver-4.29.0.jar:?]
	at org.openqa.selenium.remote.RemoteWebDriver.findElement(RemoteWebDriver.java:368) ~[selenium-remote-driver-4.29.0.jar:?]
	at org.openqa.selenium.remote.RemoteWebDriver.findElement(RemoteWebDriver.java:362) ~[selenium-remote-driver-4.29.0.jar:?]
	at org.openqa.selenium.support.pagefactory.DefaultElementLocator.findElement(DefaultElementLocator.java:68) ~[selenium-support-4.29.0.jar:?]
	at org.openqa.selenium.support.pagefactory.internal.LocatingElementHandler.invoke(LocatingElementHandler.java:38) ~[selenium-support-4.29.0.jar:?]
	at jdk.proxy2.$Proxy26.isDisplayed(Unknown Source) ~[?:?]
	at org.imz.utils.ElementFluentWaitUtility.lambda$getElementByFluentWait$0(ElementFluentWaitUtility.java:25) ~[classes/:?]
	at org.openqa.selenium.support.ui.FluentWait.until(FluentWait.java:203) ~[selenium-support-4.29.0.jar:?]
	at org.imz.utils.ElementFluentWaitUtility.getElementByFluentWait(ElementFluentWaitUtility.java:24) ~[classes/:?]
	at org.imz.pages.LogoutPage.logout(LogoutPage.java:30) ~[classes/:?]
	at org.imz.tests.LoginTest.testLogout(LoginTest.java:65) ~[test-classes/:?]
	at jdk.internal.reflect.DirectMethodHandleAccessor.invoke(DirectMethodHandleAccessor.java:103) ~[?:?]
	at java.lang.reflect.Method.invoke(Method.java:580) ~[?:?]
	at org.testng.internal.invokers.MethodInvocationHelper.invokeMethod(MethodInvocationHelper.java:141) ~[testng-7.11.0.jar:7.11.0]
	at org.testng.internal.invokers.MethodInvocationHelper.invokeMethodConsideringTimeout(MethodInvocationHelper.java:71) ~[testng-7.11.0.jar:7.11.0]
	at org.testng.internal.invokers.ConfigInvoker.invokeConfigurationMethod(ConfigInvoker.java:400) ~[testng-7.11.0.jar:7.11.0]
	at org.testng.internal.invokers.ConfigInvoker.invokeConfigurations(ConfigInvoker.java:333) ~[testng-7.11.0.jar:7.11.0]
	at org.testng.internal.invokers.TestInvoker.runConfigMethods(TestInvoker.java:836) ~[testng-7.11.0.jar:7.11.0]
	at org.testng.internal.invokers.TestInvoker.runAfterConfigurations(TestInvoker.java:805) ~[testng-7.11.0.jar:7.11.0]
	at org.testng.internal.invokers.TestInvoker.invokeMethod(TestInvoker.java:781) ~[testng-7.11.0.jar:7.11.0]
	at org.testng.internal.invokers.TestInvoker.invokeTestMethod(TestInvoker.java:230) ~[testng-7.11.0.jar:7.11.0]
	at org.testng.internal.invokers.MethodRunner.runInSequence(MethodRunner.java:63) ~[testng-7.11.0.jar:7.11.0]
	at org.testng.internal.invokers.TestInvoker$MethodInvocationAgent.invoke(TestInvoker.java:995) ~[testng-7.11.0.jar:7.11.0]
	at org.testng.internal.invokers.TestInvoker.invokeTestMethods(TestInvoker.java:203) ~[testng-7.11.0.jar:7.11.0]
	at org.testng.internal.invokers.TestMethodWorker.invokeTestMethods(TestMethodWorker.java:154) ~[testng-7.11.0.jar:7.11.0]
	at org.testng.internal.invokers.TestMethodWorker.run(TestMethodWorker.java:134) ~[testng-7.11.0.jar:7.11.0]
	at java.util.ArrayList.forEach(ArrayList.java:1596) [?:?]
	at org.testng.TestRunner.privateRun(TestRunner.java:741) [testng-7.11.0.jar:7.11.0]
	at org.testng.TestRunner.run(TestRunner.java:616) [testng-7.11.0.jar:7.11.0]
	at org.testng.SuiteRunner.runTest(SuiteRunner.java:421) [testng-7.11.0.jar:7.11.0]
	at org.testng.SuiteRunner.runSequentially(SuiteRunner.java:413) [testng-7.11.0.jar:7.11.0]
	at org.testng.SuiteRunner.privateRun(SuiteRunner.java:373) [testng-7.11.0.jar:7.11.0]
	at org.testng.SuiteRunner.run(SuiteRunner.java:312) [testng-7.11.0.jar:7.11.0]
	at org.testng.SuiteRunnerWorker.runSuite(SuiteRunnerWorker.java:52) [testng-7.11.0.jar:7.11.0]
	at org.testng.SuiteRunnerWorker.run(SuiteRunnerWorker.java:95) [testng-7.11.0.jar:7.11.0]
	at org.testng.TestNG.runSuitesSequentially(TestNG.java:1274) [testng-7.11.0.jar:7.11.0]
	at org.testng.TestNG.runSuitesLocally(TestNG.java:1208) [testng-7.11.0.jar:7.11.0]
	at org.testng.TestNG.runSuites(TestNG.java:1112) [testng-7.11.0.jar:7.11.0]
	at org.testng.TestNG.run(TestNG.java:1079) [testng-7.11.0.jar:7.11.0]
	at org.apache.maven.surefire.testng.TestNGExecutor.run(TestNGExecutor.java:77) [surefire-testng-2.12.4.jar:2.12.4]
	at org.apache.maven.surefire.testng.TestNGDirectoryTestSuite.executeMulti(TestNGDirectoryTestSuite.java:159) [surefire-testng-2.12.4.jar:2.12.4]
	at org.apache.maven.surefire.testng.TestNGDirectoryTestSuite.execute(TestNGDirectoryTestSuite.java:99) [surefire-testng-2.12.4.jar:2.12.4]
	at org.apache.maven.surefire.testng.TestNGProvider.invoke(TestNGProvider.java:106) [surefire-testng-2.12.4.jar:2.12.4]
	at jdk.internal.reflect.DirectMethodHandleAccessor.invoke(DirectMethodHandleAccessor.java:103) ~[?:?]
	at java.lang.reflect.Method.invoke(Method.java:580) ~[?:?]
	at org.apache.maven.surefire.util.ReflectionUtils.invokeMethodWithArray(ReflectionUtils.java:189) [surefire-api-2.12.4.jar:2.12.4]
	at org.apache.maven.surefire.booter.ProviderFactory$ProviderProxy.invoke(ProviderFactory.java:165) [surefire-booter-2.12.4.jar:2.12.4]
	at org.apache.maven.surefire.booter.ProviderFactory.invokeProvider(ProviderFactory.java:85) [surefire-booter-2.12.4.jar:2.12.4]
	at org.apache.maven.surefire.booter.ForkedBooter.runSuitesInProcess(ForkedBooter.java:115) [surefire-booter-2.12.4.jar:2.12.4]
	at org.apache.maven.surefire.booter.ForkedBooter.main(ForkedBooter.java:75) [surefire-booter-2.12.4.jar:2.12.4]
2025-04-05 21:57:09 [main] INFO  org.imz.tests.LoginTest - Navigated to base URL: https://www.saucedemo.com/
2025-04-05 21:57:10 [TestNG-tests-1] INFO  org.imz.tests.LoginTest - Login successful!
2025-04-05 22:05:30 [TestNG-tests-1] INFO  org.imz.tests.LoginTest - Login successful!
2025-04-05 22:09:29 [main] INFO  org.imz.tests.LoginTest - Initialized pages and navigated to base URL
2025-04-05 22:09:29 [TestNG-tests-1] INFO  org.imz.tests.LoginTest - Login successful!
2025-04-05 22:11:01 [main] INFO  org.imz.tests.LoginTest - Initialized pages and navigated to base URL
2025-04-05 22:11:01 [main] INFO  org.imz.tests.LoginTest - Login successful!
2025-04-05 22:11:25 [main] INFO  org.imz.tests.LoginTest - Initialized pages and navigated to base URL
2025-04-05 22:11:26 [main] INFO  org.imz.tests.LoginTest - Login successful!
2025-04-05 22:11:49 [main] INFO  org.imz.tests.LoginTest - Initialized pages and navigated to base URL
2025-04-05 22:11:50 [main] INFO  org.imz.tests.LoginTest - Login successful!
2025-04-05 22:12:49 [main] INFO  org.imz.tests.LoginTest - Initialized pages and navigated to base URL
2025-04-05 22:12:50 [main] INFO  org.imz.tests.LoginTest - Login successful!
2025-04-05 22:12:50 [main] INFO  org.imz.tests.LoginTest - Login successful!
2025-04-05 22:12:55 [main] INFO  org.imz.tests.LoginTest - Login successful!
2025-04-05 22:12:55 [main] INFO  org.imz.tests.LoginTest - Login successful!
2025-04-05 22:12:55 [main] INFO  org.imz.tests.LoginTest - Login successful!
2025-04-05 22:14:25 [main] INFO  org.imz.tests.LoginTest - Initialized pages and navigated to base URL
2025-04-05 22:14:25 [main] INFO  org.imz.tests.LoginTest - Login successful!
2025-04-05 22:16:57 [main] INFO  org.imz.tests.LoginTest - Initialized pages and navigated to base URL
2025-04-05 22:16:57 [main] INFO  org.imz.tests.LoginTest - Initialized pages and navigated to base URL
2025-04-05 22:16:58 [main] INFO  org.imz.tests.LoginTest - Login successful!
2025-04-05 22:20:47 [main] INFO  org.imz.tests.LoginTest - Initialized pages and navigated to base URL
2025-04-05 22:21:08 [main] INFO  org.imz.tests.LoginTest - Initialized pages and navigated to base URL
2025-04-05 22:21:09 [main] INFO  org.imz.tests.LoginTest - Login successful!
2025-04-05 22:21:09 [main] INFO  org.imz.tests.LoginTest - Login successful!
2025-04-05 22:21:14 [main] INFO  org.imz.tests.LoginTest - Login successful!
2025-04-05 22:21:15 [main] INFO  org.imz.tests.LoginTest - Login successful!
2025-04-05 22:21:15 [main] INFO  org.imz.tests.LoginTest - Login successful!
2025-04-05 22:24:47 [main] INFO  org.imz.tests.LoginTest - Initialized pages and navigated to base URL
2025-04-05 22:24:47 [main] INFO  org.imz.tests.LoginTest - Login successful!
2025-04-05 22:24:48 [main] INFO  org.imz.tests.LoginTest - Login successful!
2025-04-05 22:24:53 [main] INFO  org.imz.tests.LoginTest - Login successful!
2025-04-05 22:24:53 [main] INFO  org.imz.tests.LoginTest - Login successful!
2025-04-05 22:24:53 [main] INFO  org.imz.tests.LoginTest - Login successful!
2025-04-05 22:26:36 [main] INFO  org.imz.tests.LoginTest - Initialized pages and navigated to base URL
2025-04-05 22:26:37 [main] INFO  org.imz.tests.LoginTest - Login successful!
2025-04-05 22:26:37 [main] INFO  org.imz.tests.LoginTest - Login successful!
2025-04-05 22:26:42 [main] INFO  org.imz.tests.LoginTest - Login successful!
2025-04-05 22:26:42 [main] INFO  org.imz.tests.LoginTest - Login successful!
2025-04-05 22:26:43 [main] INFO  org.imz.tests.LoginTest - Login successful!
2025-04-05 22:29:59 [main] INFO  org.imz.tests.LoginTest - Initialized pages and navigated to base URL
2025-04-05 22:29:59 [main] INFO  org.imz.tests.LoginTest - Login successful!
2025-04-05 22:29:59 [main] INFO  org.imz.tests.LoginTest - Login successful!
2025-04-05 22:30:04 [main] INFO  org.imz.tests.LoginTest - Login successful!
2025-04-05 22:30:05 [main] INFO  org.imz.tests.LoginTest - Login successful!
2025-04-05 22:30:05 [main] INFO  org.imz.tests.LoginTest - Login successful!
2025-04-05 22:30:05 [main] ERROR org.imz.tests.LogoutTest - Logout encountered exception, navigating directly to login page
java.lang.NullPointerException: Cannot invoke "org.openqa.selenium.WebDriver.getCurrentUrl()" because "this.driver" is null
	at org.imz.tests.LogoutTest.ensureLoggedOut(LogoutTest.java:20) ~[test-classes/:?]
	at jdk.internal.reflect.DirectMethodHandleAccessor.invoke(DirectMethodHandleAccessor.java:103) ~[?:?]
	at java.lang.reflect.Method.invoke(Method.java:580) ~[?:?]
	at org.testng.internal.invokers.MethodInvocationHelper.invokeMethod(MethodInvocationHelper.java:141) ~[testng-7.11.0.jar:7.11.0]
	at org.testng.internal.invokers.TestInvoker.invokeMethod(TestInvoker.java:687) ~[testng-7.11.0.jar:7.11.0]
	at org.testng.internal.invokers.TestInvoker.invokeTestMethod(TestInvoker.java:230) ~[testng-7.11.0.jar:7.11.0]
	at org.testng.internal.invokers.MethodRunner.runInSequence(MethodRunner.java:63) ~[testng-7.11.0.jar:7.11.0]
	at org.testng.internal.invokers.TestInvoker$MethodInvocationAgent.invoke(TestInvoker.java:995) ~[testng-7.11.0.jar:7.11.0]
	at org.testng.internal.invokers.TestInvoker.invokeTestMethods(TestInvoker.java:203) ~[testng-7.11.0.jar:7.11.0]
	at org.testng.internal.invokers.TestMethodWorker.invokeTestMethods(TestMethodWorker.java:154) ~[testng-7.11.0.jar:7.11.0]
	at org.testng.internal.invokers.TestMethodWorker.run(TestMethodWorker.java:134) ~[testng-7.11.0.jar:7.11.0]
	at java.util.ArrayList.forEach(ArrayList.java:1596) [?:?]
	at org.testng.TestRunner.privateRun(TestRunner.java:741) [testng-7.11.0.jar:7.11.0]
	at org.testng.TestRunner.run(TestRunner.java:616) [testng-7.11.0.jar:7.11.0]
	at org.testng.SuiteRunner.runTest(SuiteRunner.java:421) [testng-7.11.0.jar:7.11.0]
	at org.testng.SuiteRunner.runSequentially(SuiteRunner.java:413) [testng-7.11.0.jar:7.11.0]
	at org.testng.SuiteRunner.privateRun(SuiteRunner.java:373) [testng-7.11.0.jar:7.11.0]
	at org.testng.SuiteRunner.run(SuiteRunner.java:312) [testng-7.11.0.jar:7.11.0]
	at org.testng.SuiteRunnerWorker.runSuite(SuiteRunnerWorker.java:52) [testng-7.11.0.jar:7.11.0]
	at org.testng.SuiteRunnerWorker.run(SuiteRunnerWorker.java:95) [testng-7.11.0.jar:7.11.0]
	at org.testng.TestNG.runSuitesSequentially(TestNG.java:1274) [testng-7.11.0.jar:7.11.0]
	at org.testng.TestNG.runSuitesLocally(TestNG.java:1208) [testng-7.11.0.jar:7.11.0]
	at org.testng.TestNG.runSuites(TestNG.java:1112) [testng-7.11.0.jar:7.11.0]
	at org.testng.TestNG.run(TestNG.java:1079) [testng-7.11.0.jar:7.11.0]
	at com.intellij.rt.testng.IDEARemoteTestNG.run(IDEARemoteTestNG.java:65) [testng-rt.jar:?]
	at com.intellij.rt.testng.RemoteTestNGStarter.main(RemoteTestNGStarter.java:105) [testng-rt.jar:?]
2025-04-06 10:08:37 [main] INFO  org.imz.tests.LoginTest - Initialized pages and navigated to base URL
2025-04-06 10:08:37 [main] INFO  org.imz.tests.LoginTest - Login successful!
2025-04-06 10:08:37 [main] INFO  org.imz.tests.LoginTest - Login successful!
2025-04-06 10:08:43 [main] INFO  org.imz.tests.LoginTest - Login successful!
2025-04-06 10:08:43 [main] INFO  org.imz.tests.LoginTest - Login successful!
2025-04-06 10:08:43 [main] INFO  org.imz.tests.LoginTest - Login successful!
2025-04-06 10:08:43 [main] ERROR org.imz.tests.LogoutTest - Logout encountered exception, navigating directly to login page
java.lang.NullPointerException: Cannot invoke "org.openqa.selenium.WebDriver.getCurrentUrl()" because "this.driver" is null
	at org.imz.tests.LogoutTest.ensureLoggedOut(LogoutTest.java:20) ~[test-classes/:?]
	at jdk.internal.reflect.DirectMethodHandleAccessor.invoke(DirectMethodHandleAccessor.java:103) ~[?:?]
	at java.lang.reflect.Method.invoke(Method.java:580) ~[?:?]
	at org.testng.internal.invokers.MethodInvocationHelper.invokeMethod(MethodInvocationHelper.java:141) ~[testng-7.11.0.jar:7.11.0]
	at org.testng.internal.invokers.TestInvoker.invokeMethod(TestInvoker.java:687) ~[testng-7.11.0.jar:7.11.0]
	at org.testng.internal.invokers.TestInvoker.invokeTestMethod(TestInvoker.java:230) ~[testng-7.11.0.jar:7.11.0]
	at org.testng.internal.invokers.MethodRunner.runInSequence(MethodRunner.java:63) ~[testng-7.11.0.jar:7.11.0]
	at org.testng.internal.invokers.TestInvoker$MethodInvocationAgent.invoke(TestInvoker.java:995) ~[testng-7.11.0.jar:7.11.0]
	at org.testng.internal.invokers.TestInvoker.invokeTestMethods(TestInvoker.java:203) ~[testng-7.11.0.jar:7.11.0]
	at org.testng.internal.invokers.TestMethodWorker.invokeTestMethods(TestMethodWorker.java:154) ~[testng-7.11.0.jar:7.11.0]
	at org.testng.internal.invokers.TestMethodWorker.run(TestMethodWorker.java:134) ~[testng-7.11.0.jar:7.11.0]
	at java.util.ArrayList.forEach(ArrayList.java:1596) [?:?]
	at org.testng.TestRunner.privateRun(TestRunner.java:741) [testng-7.11.0.jar:7.11.0]
	at org.testng.TestRunner.run(TestRunner.java:616) [testng-7.11.0.jar:7.11.0]
	at org.testng.SuiteRunner.runTest(SuiteRunner.java:421) [testng-7.11.0.jar:7.11.0]
	at org.testng.SuiteRunner.runSequentially(SuiteRunner.java:413) [testng-7.11.0.jar:7.11.0]
	at org.testng.SuiteRunner.privateRun(SuiteRunner.java:373) [testng-7.11.0.jar:7.11.0]
	at org.testng.SuiteRunner.run(SuiteRunner.java:312) [testng-7.11.0.jar:7.11.0]
	at org.testng.SuiteRunnerWorker.runSuite(SuiteRunnerWorker.java:52) [testng-7.11.0.jar:7.11.0]
	at org.testng.SuiteRunnerWorker.run(SuiteRunnerWorker.java:95) [testng-7.11.0.jar:7.11.0]
	at org.testng.TestNG.runSuitesSequentially(TestNG.java:1274) [testng-7.11.0.jar:7.11.0]
	at org.testng.TestNG.runSuitesLocally(TestNG.java:1208) [testng-7.11.0.jar:7.11.0]
	at org.testng.TestNG.runSuites(TestNG.java:1112) [testng-7.11.0.jar:7.11.0]
	at org.testng.TestNG.run(TestNG.java:1079) [testng-7.11.0.jar:7.11.0]
	at org.apache.maven.surefire.testng.TestNGExecutor.run(TestNGExecutor.java:77) [surefire-testng-2.12.4.jar:2.12.4]
	at org.apache.maven.surefire.testng.TestNGDirectoryTestSuite.executeMulti(TestNGDirectoryTestSuite.java:159) [surefire-testng-2.12.4.jar:2.12.4]
	at org.apache.maven.surefire.testng.TestNGDirectoryTestSuite.execute(TestNGDirectoryTestSuite.java:99) [surefire-testng-2.12.4.jar:2.12.4]
	at org.apache.maven.surefire.testng.TestNGProvider.invoke(TestNGProvider.java:106) [surefire-testng-2.12.4.jar:2.12.4]
	at jdk.internal.reflect.DirectMethodHandleAccessor.invoke(DirectMethodHandleAccessor.java:103) ~[?:?]
	at java.lang.reflect.Method.invoke(Method.java:580) ~[?:?]
	at org.apache.maven.surefire.util.ReflectionUtils.invokeMethodWithArray(ReflectionUtils.java:189) [surefire-api-2.12.4.jar:2.12.4]
	at org.apache.maven.surefire.booter.ProviderFactory$ProviderProxy.invoke(ProviderFactory.java:165) [surefire-booter-2.12.4.jar:2.12.4]
	at org.apache.maven.surefire.booter.ProviderFactory.invokeProvider(ProviderFactory.java:85) [surefire-booter-2.12.4.jar:2.12.4]
	at org.apache.maven.surefire.booter.ForkedBooter.runSuitesInProcess(ForkedBooter.java:115) [surefire-booter-2.12.4.jar:2.12.4]
	at org.apache.maven.surefire.booter.ForkedBooter.main(ForkedBooter.java:75) [surefire-booter-2.12.4.jar:2.12.4]
2025-04-06 10:09:47 [main] INFO  org.imz.tests.LoginTest - Initialized pages and navigated to base URL
2025-04-06 10:09:47 [main] INFO  org.imz.tests.LoginTest - Login successful!
2025-04-06 10:09:48 [main] INFO  org.imz.tests.LoginTest - Login successful!
2025-04-06 10:09:53 [main] INFO  org.imz.tests.LoginTest - Login successful!
2025-04-06 10:09:53 [main] INFO  org.imz.tests.LoginTest - Login successful!
2025-04-06 10:09:53 [main] INFO  org.imz.tests.LoginTest - Login successful!
2025-04-10 10:59:48 [main] INFO  org.imz.tests.LoginTest - Initialized pages and navigated to base URL
2025-04-10 10:59:49 [main] INFO  org.imz.tests.LoginTest - Login successful!
2025-04-10 10:59:49 [main] INFO  org.imz.tests.LoginTest - Login successful!
2025-04-10 10:59:49 [main] ERROR org.imz.tests.LogoutTest - Logout encountered exception, navigating directly to login page
java.lang.NullPointerException: Cannot invoke "org.openqa.selenium.WebDriver.getCurrentUrl()" because "this.driver" is null
	at org.imz.tests.LogoutTest.ensureLoggedOut(LogoutTest.java:19) ~[test-classes/:?]
	at jdk.internal.reflect.DirectMethodHandleAccessor.invoke(DirectMethodHandleAccessor.java:103) ~[?:?]
	at java.lang.reflect.Method.invoke(Method.java:580) ~[?:?]
	at org.testng.internal.invokers.MethodInvocationHelper.invokeMethod(MethodInvocationHelper.java:141) ~[testng-7.11.0.jar:7.11.0]
	at org.testng.internal.invokers.TestInvoker.invokeMethod(TestInvoker.java:687) ~[testng-7.11.0.jar:7.11.0]
	at org.testng.internal.invokers.TestInvoker.invokeTestMethod(TestInvoker.java:230) ~[testng-7.11.0.jar:7.11.0]
	at org.testng.internal.invokers.MethodRunner.runInSequence(MethodRunner.java:63) ~[testng-7.11.0.jar:7.11.0]
	at org.testng.internal.invokers.TestInvoker$MethodInvocationAgent.invoke(TestInvoker.java:995) ~[testng-7.11.0.jar:7.11.0]
	at org.testng.internal.invokers.TestInvoker.invokeTestMethods(TestInvoker.java:203) ~[testng-7.11.0.jar:7.11.0]
	at org.testng.internal.invokers.TestMethodWorker.invokeTestMethods(TestMethodWorker.java:154) ~[testng-7.11.0.jar:7.11.0]
	at org.testng.internal.invokers.TestMethodWorker.run(TestMethodWorker.java:134) ~[testng-7.11.0.jar:7.11.0]
	at java.util.ArrayList.forEach(ArrayList.java:1596) [?:?]
	at org.testng.TestRunner.privateRun(TestRunner.java:741) [testng-7.11.0.jar:7.11.0]
	at org.testng.TestRunner.run(TestRunner.java:616) [testng-7.11.0.jar:7.11.0]
	at org.testng.SuiteRunner.runTest(SuiteRunner.java:421) [testng-7.11.0.jar:7.11.0]
	at org.testng.SuiteRunner.runSequentially(SuiteRunner.java:413) [testng-7.11.0.jar:7.11.0]
	at org.testng.SuiteRunner.privateRun(SuiteRunner.java:373) [testng-7.11.0.jar:7.11.0]
	at org.testng.SuiteRunner.run(SuiteRunner.java:312) [testng-7.11.0.jar:7.11.0]
	at org.testng.SuiteRunnerWorker.runSuite(SuiteRunnerWorker.java:52) [testng-7.11.0.jar:7.11.0]
	at org.testng.SuiteRunnerWorker.run(SuiteRunnerWorker.java:95) [testng-7.11.0.jar:7.11.0]
	at org.testng.TestNG.runSuitesSequentially(TestNG.java:1274) [testng-7.11.0.jar:7.11.0]
	at org.testng.TestNG.runSuitesLocally(TestNG.java:1208) [testng-7.11.0.jar:7.11.0]
	at org.testng.TestNG.runSuites(TestNG.java:1112) [testng-7.11.0.jar:7.11.0]
	at org.testng.TestNG.run(TestNG.java:1079) [testng-7.11.0.jar:7.11.0]
	at org.apache.maven.surefire.testng.TestNGExecutor.run(TestNGExecutor.java:77) [surefire-testng-2.12.4.jar:2.12.4]
	at org.apache.maven.surefire.testng.TestNGDirectoryTestSuite.executeMulti(TestNGDirectoryTestSuite.java:159) [surefire-testng-2.12.4.jar:2.12.4]
	at org.apache.maven.surefire.testng.TestNGDirectoryTestSuite.execute(TestNGDirectoryTestSuite.java:99) [surefire-testng-2.12.4.jar:2.12.4]
	at org.apache.maven.surefire.testng.TestNGProvider.invoke(TestNGProvider.java:106) [surefire-testng-2.12.4.jar:2.12.4]
	at jdk.internal.reflect.DirectMethodHandleAccessor.invoke(DirectMethodHandleAccessor.java:103) ~[?:?]
	at java.lang.reflect.Method.invoke(Method.java:580) ~[?:?]
	at org.apache.maven.surefire.util.ReflectionUtils.invokeMethodWithArray(ReflectionUtils.java:189) [surefire-api-2.12.4.jar:2.12.4]
	at org.apache.maven.surefire.booter.ProviderFactory$ProviderProxy.invoke(ProviderFactory.java:165) [surefire-booter-2.12.4.jar:2.12.4]
	at org.apache.maven.surefire.booter.ProviderFactory.invokeProvider(ProviderFactory.java:85) [surefire-booter-2.12.4.jar:2.12.4]
	at org.apache.maven.surefire.booter.ForkedBooter.runSuitesInProcess(ForkedBooter.java:115) [surefire-booter-2.12.4.jar:2.12.4]
	at org.apache.maven.surefire.booter.ForkedBooter.main(ForkedBooter.java:75) [surefire-booter-2.12.4.jar:2.12.4]
2025-04-10 11:01:13 [main] INFO  org.imz.tests.LoginTest - Initialized pages and navigated to base URL
2025-04-10 11:01:14 [main] INFO  org.imz.tests.LoginTest - Login successful!
2025-04-10 11:01:14 [main] INFO  org.imz.tests.LoginTest - Login successful!
2025-04-10 11:01:15 [main] ERROR org.imz.tests.LogoutTest - Logout encountered exception, navigating directly to login page
java.lang.NullPointerException: Cannot invoke "org.openqa.selenium.WebDriver.getCurrentUrl()" because "this.driver" is null
	at org.imz.tests.LogoutTest.ensureLoggedOut(LogoutTest.java:19) ~[test-classes/:?]
	at jdk.internal.reflect.DirectMethodHandleAccessor.invoke(DirectMethodHandleAccessor.java:103) ~[?:?]
	at java.lang.reflect.Method.invoke(Method.java:580) ~[?:?]
	at org.testng.internal.invokers.MethodInvocationHelper.invokeMethod(MethodInvocationHelper.java:141) ~[testng-7.11.0.jar:7.11.0]
	at org.testng.internal.invokers.TestInvoker.invokeMethod(TestInvoker.java:687) ~[testng-7.11.0.jar:7.11.0]
	at org.testng.internal.invokers.TestInvoker.invokeTestMethod(TestInvoker.java:230) ~[testng-7.11.0.jar:7.11.0]
	at org.testng.internal.invokers.MethodRunner.runInSequence(MethodRunner.java:63) ~[testng-7.11.0.jar:7.11.0]
	at org.testng.internal.invokers.TestInvoker$MethodInvocationAgent.invoke(TestInvoker.java:995) ~[testng-7.11.0.jar:7.11.0]
	at org.testng.internal.invokers.TestInvoker.invokeTestMethods(TestInvoker.java:203) ~[testng-7.11.0.jar:7.11.0]
	at org.testng.internal.invokers.TestMethodWorker.invokeTestMethods(TestMethodWorker.java:154) ~[testng-7.11.0.jar:7.11.0]
	at org.testng.internal.invokers.TestMethodWorker.run(TestMethodWorker.java:134) ~[testng-7.11.0.jar:7.11.0]
	at java.util.ArrayList.forEach(ArrayList.java:1596) [?:?]
	at org.testng.TestRunner.privateRun(TestRunner.java:741) [testng-7.11.0.jar:7.11.0]
	at org.testng.TestRunner.run(TestRunner.java:616) [testng-7.11.0.jar:7.11.0]
	at org.testng.SuiteRunner.runTest(SuiteRunner.java:421) [testng-7.11.0.jar:7.11.0]
	at org.testng.SuiteRunner.runSequentially(SuiteRunner.java:413) [testng-7.11.0.jar:7.11.0]
	at org.testng.SuiteRunner.privateRun(SuiteRunner.java:373) [testng-7.11.0.jar:7.11.0]
	at org.testng.SuiteRunner.run(SuiteRunner.java:312) [testng-7.11.0.jar:7.11.0]
	at org.testng.SuiteRunnerWorker.runSuite(SuiteRunnerWorker.java:52) [testng-7.11.0.jar:7.11.0]
	at org.testng.SuiteRunnerWorker.run(SuiteRunnerWorker.java:95) [testng-7.11.0.jar:7.11.0]
	at org.testng.TestNG.runSuitesSequentially(TestNG.java:1274) [testng-7.11.0.jar:7.11.0]
	at org.testng.TestNG.runSuitesLocally(TestNG.java:1208) [testng-7.11.0.jar:7.11.0]
	at org.testng.TestNG.runSuites(TestNG.java:1112) [testng-7.11.0.jar:7.11.0]
	at org.testng.TestNG.run(TestNG.java:1079) [testng-7.11.0.jar:7.11.0]
	at org.apache.maven.surefire.testng.TestNGExecutor.run(TestNGExecutor.java:77) [surefire-testng-2.12.4.jar:2.12.4]
	at org.apache.maven.surefire.testng.TestNGDirectoryTestSuite.executeMulti(TestNGDirectoryTestSuite.java:159) [surefire-testng-2.12.4.jar:2.12.4]
	at org.apache.maven.surefire.testng.TestNGDirectoryTestSuite.execute(TestNGDirectoryTestSuite.java:99) [surefire-testng-2.12.4.jar:2.12.4]
	at org.apache.maven.surefire.testng.TestNGProvider.invoke(TestNGProvider.java:106) [surefire-testng-2.12.4.jar:2.12.4]
	at jdk.internal.reflect.DirectMethodHandleAccessor.invoke(DirectMethodHandleAccessor.java:103) ~[?:?]
	at java.lang.reflect.Method.invoke(Method.java:580) ~[?:?]
	at org.apache.maven.surefire.util.ReflectionUtils.invokeMethodWithArray(ReflectionUtils.java:189) [surefire-api-2.12.4.jar:2.12.4]
	at org.apache.maven.surefire.booter.ProviderFactory$ProviderProxy.invoke(ProviderFactory.java:165) [surefire-booter-2.12.4.jar:2.12.4]
	at org.apache.maven.surefire.booter.ProviderFactory.invokeProvider(ProviderFactory.java:85) [surefire-booter-2.12.4.jar:2.12.4]
	at org.apache.maven.surefire.booter.ForkedBooter.runSuitesInProcess(ForkedBooter.java:115) [surefire-booter-2.12.4.jar:2.12.4]
	at org.apache.maven.surefire.booter.ForkedBooter.main(ForkedBooter.java:75) [surefire-booter-2.12.4.jar:2.12.4]
2025-04-10 11:01:49 [main] INFO  org.imz.tests.LoginTest - Initialized pages and navigated to base URL
2025-04-10 11:01:49 [main] INFO  org.imz.tests.LoginTest - Login successful!
2025-04-10 11:01:50 [main] INFO  org.imz.tests.LoginTest - Login successful!
2025-04-10 11:01:55 [main] INFO  org.imz.tests.LoginTest - Login successful!
2025-04-10 11:01:55 [main] ERROR org.imz.tests.LogoutTest - Logout encountered exception, navigating directly to login page
java.lang.NullPointerException: Cannot invoke "org.openqa.selenium.WebDriver.getCurrentUrl()" because "this.driver" is null
	at org.imz.tests.LogoutTest.ensureLoggedOut(LogoutTest.java:19) ~[test-classes/:?]
	at jdk.internal.reflect.DirectMethodHandleAccessor.invoke(DirectMethodHandleAccessor.java:103) ~[?:?]
	at java.lang.reflect.Method.invoke(Method.java:580) ~[?:?]
	at org.testng.internal.invokers.MethodInvocationHelper.invokeMethod(MethodInvocationHelper.java:141) ~[testng-7.11.0.jar:7.11.0]
	at org.testng.internal.invokers.TestInvoker.invokeMethod(TestInvoker.java:687) ~[testng-7.11.0.jar:7.11.0]
	at org.testng.internal.invokers.TestInvoker.invokeTestMethod(TestInvoker.java:230) ~[testng-7.11.0.jar:7.11.0]
	at org.testng.internal.invokers.MethodRunner.runInSequence(MethodRunner.java:63) ~[testng-7.11.0.jar:7.11.0]
	at org.testng.internal.invokers.TestInvoker$MethodInvocationAgent.invoke(TestInvoker.java:995) ~[testng-7.11.0.jar:7.11.0]
	at org.testng.internal.invokers.TestInvoker.invokeTestMethods(TestInvoker.java:203) ~[testng-7.11.0.jar:7.11.0]
	at org.testng.internal.invokers.TestMethodWorker.invokeTestMethods(TestMethodWorker.java:154) ~[testng-7.11.0.jar:7.11.0]
	at org.testng.internal.invokers.TestMethodWorker.run(TestMethodWorker.java:134) ~[testng-7.11.0.jar:7.11.0]
	at java.util.ArrayList.forEach(ArrayList.java:1596) [?:?]
	at org.testng.TestRunner.privateRun(TestRunner.java:741) [testng-7.11.0.jar:7.11.0]
	at org.testng.TestRunner.run(TestRunner.java:616) [testng-7.11.0.jar:7.11.0]
	at org.testng.SuiteRunner.runTest(SuiteRunner.java:421) [testng-7.11.0.jar:7.11.0]
	at org.testng.SuiteRunner.runSequentially(SuiteRunner.java:413) [testng-7.11.0.jar:7.11.0]
	at org.testng.SuiteRunner.privateRun(SuiteRunner.java:373) [testng-7.11.0.jar:7.11.0]
	at org.testng.SuiteRunner.run(SuiteRunner.java:312) [testng-7.11.0.jar:7.11.0]
	at org.testng.SuiteRunnerWorker.runSuite(SuiteRunnerWorker.java:52) [testng-7.11.0.jar:7.11.0]
	at org.testng.SuiteRunnerWorker.run(SuiteRunnerWorker.java:95) [testng-7.11.0.jar:7.11.0]
	at org.testng.TestNG.runSuitesSequentially(TestNG.java:1274) [testng-7.11.0.jar:7.11.0]
	at org.testng.TestNG.runSuitesLocally(TestNG.java:1208) [testng-7.11.0.jar:7.11.0]
	at org.testng.TestNG.runSuites(TestNG.java:1112) [testng-7.11.0.jar:7.11.0]
	at org.testng.TestNG.run(TestNG.java:1079) [testng-7.11.0.jar:7.11.0]
	at org.apache.maven.surefire.testng.TestNGExecutor.run(TestNGExecutor.java:77) [surefire-testng-2.12.4.jar:2.12.4]
	at org.apache.maven.surefire.testng.TestNGDirectoryTestSuite.executeMulti(TestNGDirectoryTestSuite.java:159) [surefire-testng-2.12.4.jar:2.12.4]
	at org.apache.maven.surefire.testng.TestNGDirectoryTestSuite.execute(TestNGDirectoryTestSuite.java:99) [surefire-testng-2.12.4.jar:2.12.4]
	at org.apache.maven.surefire.testng.TestNGProvider.invoke(TestNGProvider.java:106) [surefire-testng-2.12.4.jar:2.12.4]
	at jdk.internal.reflect.DirectMethodHandleAccessor.invoke(DirectMethodHandleAccessor.java:103) ~[?:?]
	at java.lang.reflect.Method.invoke(Method.java:580) ~[?:?]
	at org.apache.maven.surefire.util.ReflectionUtils.invokeMethodWithArray(ReflectionUtils.java:189) [surefire-api-2.12.4.jar:2.12.4]
	at org.apache.maven.surefire.booter.ProviderFactory$ProviderProxy.invoke(ProviderFactory.java:165) [surefire-booter-2.12.4.jar:2.12.4]
	at org.apache.maven.surefire.booter.ProviderFactory.invokeProvider(ProviderFactory.java:85) [surefire-booter-2.12.4.jar:2.12.4]
	at org.apache.maven.surefire.booter.ForkedBooter.runSuitesInProcess(ForkedBooter.java:115) [surefire-booter-2.12.4.jar:2.12.4]
	at org.apache.maven.surefire.booter.ForkedBooter.main(ForkedBooter.java:75) [surefire-booter-2.12.4.jar:2.12.4]
2025-04-10 11:02:19 [main] INFO  org.imz.tests.LoginTest - Initialized pages and navigated to base URL
2025-04-10 11:02:20 [main] INFO  org.imz.tests.LoginTest - Login successful!
2025-04-10 11:02:20 [main] INFO  org.imz.tests.LoginTest - Login successful!
2025-04-10 11:02:21 [main] ERROR org.imz.tests.LogoutTest - Logout encountered exception, navigating directly to login page
java.lang.NullPointerException: Cannot invoke "org.openqa.selenium.WebDriver.getCurrentUrl()" because "this.driver" is null
	at org.imz.tests.LogoutTest.ensureLoggedOut(LogoutTest.java:19) ~[test-classes/:?]
	at jdk.internal.reflect.DirectMethodHandleAccessor.invoke(DirectMethodHandleAccessor.java:103) ~[?:?]
	at java.lang.reflect.Method.invoke(Method.java:580) ~[?:?]
	at org.testng.internal.invokers.MethodInvocationHelper.invokeMethod(MethodInvocationHelper.java:141) ~[testng-7.11.0.jar:7.11.0]
	at org.testng.internal.invokers.TestInvoker.invokeMethod(TestInvoker.java:687) ~[testng-7.11.0.jar:7.11.0]
	at org.testng.internal.invokers.TestInvoker.invokeTestMethod(TestInvoker.java:230) ~[testng-7.11.0.jar:7.11.0]
	at org.testng.internal.invokers.MethodRunner.runInSequence(MethodRunner.java:63) ~[testng-7.11.0.jar:7.11.0]
	at org.testng.internal.invokers.TestInvoker$MethodInvocationAgent.invoke(TestInvoker.java:995) ~[testng-7.11.0.jar:7.11.0]
	at org.testng.internal.invokers.TestInvoker.invokeTestMethods(TestInvoker.java:203) ~[testng-7.11.0.jar:7.11.0]
	at org.testng.internal.invokers.TestMethodWorker.invokeTestMethods(TestMethodWorker.java:154) ~[testng-7.11.0.jar:7.11.0]
	at org.testng.internal.invokers.TestMethodWorker.run(TestMethodWorker.java:134) ~[testng-7.11.0.jar:7.11.0]
	at java.util.ArrayList.forEach(ArrayList.java:1596) [?:?]
	at org.testng.TestRunner.privateRun(TestRunner.java:741) [testng-7.11.0.jar:7.11.0]
	at org.testng.TestRunner.run(TestRunner.java:616) [testng-7.11.0.jar:7.11.0]
	at org.testng.SuiteRunner.runTest(SuiteRunner.java:421) [testng-7.11.0.jar:7.11.0]
	at org.testng.SuiteRunner.runSequentially(SuiteRunner.java:413) [testng-7.11.0.jar:7.11.0]
	at org.testng.SuiteRunner.privateRun(SuiteRunner.java:373) [testng-7.11.0.jar:7.11.0]
	at org.testng.SuiteRunner.run(SuiteRunner.java:312) [testng-7.11.0.jar:7.11.0]
	at org.testng.SuiteRunnerWorker.runSuite(SuiteRunnerWorker.java:52) [testng-7.11.0.jar:7.11.0]
	at org.testng.SuiteRunnerWorker.run(SuiteRunnerWorker.java:95) [testng-7.11.0.jar:7.11.0]
	at org.testng.TestNG.runSuitesSequentially(TestNG.java:1274) [testng-7.11.0.jar:7.11.0]
	at org.testng.TestNG.runSuitesLocally(TestNG.java:1208) [testng-7.11.0.jar:7.11.0]
	at org.testng.TestNG.runSuites(TestNG.java:1112) [testng-7.11.0.jar:7.11.0]
	at org.testng.TestNG.run(TestNG.java:1079) [testng-7.11.0.jar:7.11.0]
	at org.apache.maven.surefire.testng.TestNGExecutor.run(TestNGExecutor.java:77) [surefire-testng-2.12.4.jar:2.12.4]
	at org.apache.maven.surefire.testng.TestNGDirectoryTestSuite.executeMulti(TestNGDirectoryTestSuite.java:159) [surefire-testng-2.12.4.jar:2.12.4]
	at org.apache.maven.surefire.testng.TestNGDirectoryTestSuite.execute(TestNGDirectoryTestSuite.java:99) [surefire-testng-2.12.4.jar:2.12.4]
	at org.apache.maven.surefire.testng.TestNGProvider.invoke(TestNGProvider.java:106) [surefire-testng-2.12.4.jar:2.12.4]
	at jdk.internal.reflect.DirectMethodHandleAccessor.invoke(DirectMethodHandleAccessor.java:103) ~[?:?]
	at java.lang.reflect.Method.invoke(Method.java:580) ~[?:?]
	at org.apache.maven.surefire.util.ReflectionUtils.invokeMethodWithArray(ReflectionUtils.java:189) [surefire-api-2.12.4.jar:2.12.4]
	at org.apache.maven.surefire.booter.ProviderFactory$ProviderProxy.invoke(ProviderFactory.java:165) [surefire-booter-2.12.4.jar:2.12.4]
	at org.apache.maven.surefire.booter.ProviderFactory.invokeProvider(ProviderFactory.java:85) [surefire-booter-2.12.4.jar:2.12.4]
	at org.apache.maven.surefire.booter.ForkedBooter.runSuitesInProcess(ForkedBooter.java:115) [surefire-booter-2.12.4.jar:2.12.4]
	at org.apache.maven.surefire.booter.ForkedBooter.main(ForkedBooter.java:75) [surefire-booter-2.12.4.jar:2.12.4]
2025-04-10 11:03:30 [main] INFO  org.imz.tests.LoginTest - Initialized pages and navigated to base URL
2025-04-10 11:03:30 [main] INFO  org.imz.tests.LoginTest - Login successful!
2025-04-10 11:03:31 [main] INFO  org.imz.tests.LoginTest - Login successful!
2025-04-10 11:03:31 [main] ERROR org.imz.tests.LogoutTest - Logout encountered exception, navigating directly to login page
java.lang.NullPointerException: Cannot invoke "org.openqa.selenium.WebDriver.getCurrentUrl()" because "this.driver" is null
	at org.imz.tests.LogoutTest.ensureLoggedOut(LogoutTest.java:19) ~[test-classes/:?]
	at jdk.internal.reflect.DirectMethodHandleAccessor.invoke(DirectMethodHandleAccessor.java:103) ~[?:?]
	at java.lang.reflect.Method.invoke(Method.java:580) ~[?:?]
	at org.testng.internal.invokers.MethodInvocationHelper.invokeMethod(MethodInvocationHelper.java:141) ~[testng-7.11.0.jar:7.11.0]
	at org.testng.internal.invokers.TestInvoker.invokeMethod(TestInvoker.java:687) ~[testng-7.11.0.jar:7.11.0]
	at org.testng.internal.invokers.TestInvoker.invokeTestMethod(TestInvoker.java:230) ~[testng-7.11.0.jar:7.11.0]
	at org.testng.internal.invokers.MethodRunner.runInSequence(MethodRunner.java:63) ~[testng-7.11.0.jar:7.11.0]
	at org.testng.internal.invokers.TestInvoker$MethodInvocationAgent.invoke(TestInvoker.java:995) ~[testng-7.11.0.jar:7.11.0]
	at org.testng.internal.invokers.TestInvoker.invokeTestMethods(TestInvoker.java:203) ~[testng-7.11.0.jar:7.11.0]
	at org.testng.internal.invokers.TestMethodWorker.invokeTestMethods(TestMethodWorker.java:154) ~[testng-7.11.0.jar:7.11.0]
	at org.testng.internal.invokers.TestMethodWorker.run(TestMethodWorker.java:134) ~[testng-7.11.0.jar:7.11.0]
	at java.util.ArrayList.forEach(ArrayList.java:1596) [?:?]
	at org.testng.TestRunner.privateRun(TestRunner.java:741) [testng-7.11.0.jar:7.11.0]
	at org.testng.TestRunner.run(TestRunner.java:616) [testng-7.11.0.jar:7.11.0]
	at org.testng.SuiteRunner.runTest(SuiteRunner.java:421) [testng-7.11.0.jar:7.11.0]
	at org.testng.SuiteRunner.runSequentially(SuiteRunner.java:413) [testng-7.11.0.jar:7.11.0]
	at org.testng.SuiteRunner.privateRun(SuiteRunner.java:373) [testng-7.11.0.jar:7.11.0]
	at org.testng.SuiteRunner.run(SuiteRunner.java:312) [testng-7.11.0.jar:7.11.0]
	at org.testng.SuiteRunnerWorker.runSuite(SuiteRunnerWorker.java:52) [testng-7.11.0.jar:7.11.0]
	at org.testng.SuiteRunnerWorker.run(SuiteRunnerWorker.java:95) [testng-7.11.0.jar:7.11.0]
	at org.testng.TestNG.runSuitesSequentially(TestNG.java:1274) [testng-7.11.0.jar:7.11.0]
	at org.testng.TestNG.runSuitesLocally(TestNG.java:1208) [testng-7.11.0.jar:7.11.0]
	at org.testng.TestNG.runSuites(TestNG.java:1112) [testng-7.11.0.jar:7.11.0]
	at org.testng.TestNG.run(TestNG.java:1079) [testng-7.11.0.jar:7.11.0]
	at org.apache.maven.surefire.testng.TestNGExecutor.run(TestNGExecutor.java:77) [surefire-testng-2.12.4.jar:2.12.4]
	at org.apache.maven.surefire.testng.TestNGDirectoryTestSuite.executeMulti(TestNGDirectoryTestSuite.java:159) [surefire-testng-2.12.4.jar:2.12.4]
	at org.apache.maven.surefire.testng.TestNGDirectoryTestSuite.execute(TestNGDirectoryTestSuite.java:99) [surefire-testng-2.12.4.jar:2.12.4]
	at org.apache.maven.surefire.testng.TestNGProvider.invoke(TestNGProvider.java:106) [surefire-testng-2.12.4.jar:2.12.4]
	at jdk.internal.reflect.DirectMethodHandleAccessor.invoke(DirectMethodHandleAccessor.java:103) ~[?:?]
	at java.lang.reflect.Method.invoke(Method.java:580) ~[?:?]
	at org.apache.maven.surefire.util.ReflectionUtils.invokeMethodWithArray(ReflectionUtils.java:189) [surefire-api-2.12.4.jar:2.12.4]
	at org.apache.maven.surefire.booter.ProviderFactory$ProviderProxy.invoke(ProviderFactory.java:165) [surefire-booter-2.12.4.jar:2.12.4]
	at org.apache.maven.surefire.booter.ProviderFactory.invokeProvider(ProviderFactory.java:85) [surefire-booter-2.12.4.jar:2.12.4]
	at org.apache.maven.surefire.booter.ForkedBooter.runSuitesInProcess(ForkedBooter.java:115) [surefire-booter-2.12.4.jar:2.12.4]
	at org.apache.maven.surefire.booter.ForkedBooter.main(ForkedBooter.java:75) [surefire-booter-2.12.4.jar:2.12.4]
2025-04-10 11:05:41 [main] INFO  org.imz.tests.LoginTest - Initialized pages and navigated to base URL
2025-04-10 11:05:42 [main] INFO  org.imz.tests.LoginTest - Login successful!
2025-04-10 11:05:42 [main] INFO  org.imz.tests.LoginTest - Login successful!
2025-04-10 11:07:14 [main] INFO  org.imz.tests.LoginTest - Initialized pages and navigated to base URL
2025-04-10 11:07:14 [main] INFO  org.imz.tests.LoginTest - Login successful!
2025-04-10 11:07:14 [main] INFO  org.imz.tests.LoginTest - Login successful!
2025-04-10 11:07:53 [main] INFO  org.imz.tests.LoginTest - Initialized pages and navigated to base URL
2025-04-10 11:07:53 [main] INFO  org.imz.tests.LoginTest - Login successful!
2025-04-10 11:07:53 [main] INFO  org.imz.tests.LoginTest - Login successful!
2025-04-10 11:08:45 [main] INFO  org.imz.tests.LoginTest - Initialized pages and navigated to base URL
2025-04-10 11:08:46 [main] INFO  org.imz.tests.LoginTest - Login successful!
2025-04-10 11:08:46 [main] INFO  org.imz.tests.LoginTest - Login successful!
2025-04-10 11:10:23 [main] INFO  org.imz.tests.LoginTest - Initialized pages and navigated to base URL
2025-04-10 11:10:24 [main] INFO  org.imz.tests.LoginTest - Login successful!
2025-04-10 11:10:24 [main] INFO  org.imz.tests.LoginTest - Login successful!
2025-04-10 11:10:29 [main] INFO  org.imz.tests.LoginTest - Login successful!
2025-04-10 11:13:12 [main] INFO  org.imz.tests.LoginTest - Initialized pages and navigated to base URL
2025-04-10 11:13:13 [main] INFO  org.imz.tests.LoginTest - Login successful!
2025-04-10 11:13:13 [main] INFO  org.imz.tests.LoginTest - Login successful!
2025-04-10 11:17:26 [main] INFO  org.imz.tests.LoginTest - Initialized pages and navigated to base URL
2025-04-10 11:17:27 [main] INFO  org.imz.tests.LoginTest - Login successful!
2025-04-10 11:17:27 [main] INFO  org.imz.tests.LoginTest - Login successful!
2025-04-10 11:18:13 [main] INFO  org.imz.tests.LoginTest - Initialized pages and navigated to base URL
2025-04-10 11:18:14 [main] INFO  org.imz.tests.LoginTest - Login successful!
2025-04-10 11:18:14 [main] INFO  org.imz.tests.LoginTest - Login successful!
2025-04-10 11:18:41 [main] INFO  org.imz.tests.LoginTest - Initialized pages and navigated to base URL
2025-04-10 11:18:41 [main] INFO  org.imz.tests.LoginTest - Login successful!
2025-04-10 11:18:42 [main] INFO  org.imz.tests.LoginTest - Login successful!
2025-04-10 11:18:42 [main] INFO  org.imz.tests.LoginTest - Login successful!
2025-04-10 11:18:42 [main] INFO  org.imz.tests.LoginTest - Login successful!
2025-04-10 11:18:42 [main] INFO  org.imz.tests.LoginTest - Login successful!
2025-04-10 11:21:37 [main] INFO  org.imz.tests.LoginTest - Initialized pages and navigated to base URL
2025-04-10 11:21:55 [main] INFO  org.imz.tests.LoginTest - Initialized pages and navigated to base URL
2025-04-10 11:22:10 [main] INFO  org.imz.tests.LoginTest - Initialized pages and navigated to base URL
2025-04-10 11:22:22 [main] INFO  org.imz.tests.LoginTest - Initialized pages and navigated to base URL
2025-04-10 11:22:23 [main] INFO  org.imz.tests.LoginTest - Login successful!
2025-04-10 11:22:23 [main] INFO  org.imz.tests.LoginTest - Login successful!
2025-04-10 11:22:24 [main] INFO  org.imz.tests.LoginTest - Login successful!
2025-04-10 11:22:24 [main] INFO  org.imz.tests.LoginTest - Login successful!
2025-04-10 11:22:24 [main] INFO  org.imz.tests.LoginTest - Login successful!
2025-04-10 11:23:03 [main] INFO  org.imz.tests.LoginTest - Initialized pages and navigated to base URL
2025-04-10 11:23:04 [main] INFO  org.imz.tests.LoginTest - Login successful!
2025-04-10 11:23:04 [main] INFO  org.imz.tests.LoginTest - Login successful!
2025-04-10 11:24:02 [main] INFO  org.imz.tests.LoginTest - Initialized pages and navigated to base URL
2025-04-10 11:24:03 [main] INFO  org.imz.tests.LoginTest - Login successful!
2025-04-10 11:24:03 [main] INFO  org.imz.tests.LoginTest - Login successful!
2025-04-10 11:24:26 [main] INFO  org.imz.tests.LoginTest - Initialized pages and navigated to base URL
2025-04-10 11:24:26 [main] INFO  org.imz.tests.LoginTest - Login successful!
2025-04-10 11:25:21 [main] INFO  org.imz.tests.LoginTest - Initialized pages and navigated to base URL
2025-04-10 11:25:51 [main] INFO  org.imz.tests.LoginTest - Initialized pages and navigated to base URL
2025-04-10 11:26:10 [main] INFO  org.imz.tests.LoginTest - Initialized pages and navigated to base URL
2025-04-10 11:27:15 [main] INFO  org.imz.tests.LoginTest - Initialized pages and navigated to base URL
2025-04-10 11:27:15 [main] ERROR org.imz.tests.LogoutTest - Logout encountered exception, navigating directly to login page
java.lang.NullPointerException: Cannot invoke "org.openqa.selenium.WebDriver.getCurrentUrl()" because "this.driver" is null
	at org.imz.tests.LogoutTest.ensureLoggedOut(LogoutTest.java:19) ~[test-classes/:?]
	at jdk.internal.reflect.DirectMethodHandleAccessor.invoke(DirectMethodHandleAccessor.java:103) ~[?:?]
	at java.lang.reflect.Method.invoke(Method.java:580) ~[?:?]
	at org.testng.internal.invokers.MethodInvocationHelper.invokeMethod(MethodInvocationHelper.java:141) ~[testng-7.11.0.jar:7.11.0]
	at org.testng.internal.invokers.TestInvoker.invokeMethod(TestInvoker.java:687) ~[testng-7.11.0.jar:7.11.0]
	at org.testng.internal.invokers.TestInvoker.invokeTestMethod(TestInvoker.java:230) ~[testng-7.11.0.jar:7.11.0]
	at org.testng.internal.invokers.MethodRunner.runInSequence(MethodRunner.java:63) ~[testng-7.11.0.jar:7.11.0]
	at org.testng.internal.invokers.TestInvoker$MethodInvocationAgent.invoke(TestInvoker.java:995) ~[testng-7.11.0.jar:7.11.0]
	at org.testng.internal.invokers.TestInvoker.invokeTestMethods(TestInvoker.java:203) ~[testng-7.11.0.jar:7.11.0]
	at org.testng.internal.invokers.TestMethodWorker.invokeTestMethods(TestMethodWorker.java:154) ~[testng-7.11.0.jar:7.11.0]
	at org.testng.internal.invokers.TestMethodWorker.run(TestMethodWorker.java:134) ~[testng-7.11.0.jar:7.11.0]
	at java.util.ArrayList.forEach(ArrayList.java:1596) [?:?]
	at org.testng.TestRunner.privateRun(TestRunner.java:741) [testng-7.11.0.jar:7.11.0]
	at org.testng.TestRunner.run(TestRunner.java:616) [testng-7.11.0.jar:7.11.0]
	at org.testng.SuiteRunner.runTest(SuiteRunner.java:421) [testng-7.11.0.jar:7.11.0]
	at org.testng.SuiteRunner.runSequentially(SuiteRunner.java:413) [testng-7.11.0.jar:7.11.0]
	at org.testng.SuiteRunner.privateRun(SuiteRunner.java:373) [testng-7.11.0.jar:7.11.0]
	at org.testng.SuiteRunner.run(SuiteRunner.java:312) [testng-7.11.0.jar:7.11.0]
	at org.testng.SuiteRunnerWorker.runSuite(SuiteRunnerWorker.java:52) [testng-7.11.0.jar:7.11.0]
	at org.testng.SuiteRunnerWorker.run(SuiteRunnerWorker.java:95) [testng-7.11.0.jar:7.11.0]
	at org.testng.TestNG.runSuitesSequentially(TestNG.java:1274) [testng-7.11.0.jar:7.11.0]
	at org.testng.TestNG.runSuitesLocally(TestNG.java:1208) [testng-7.11.0.jar:7.11.0]
	at org.testng.TestNG.runSuites(TestNG.java:1112) [testng-7.11.0.jar:7.11.0]
	at org.testng.TestNG.run(TestNG.java:1079) [testng-7.11.0.jar:7.11.0]
	at org.apache.maven.surefire.testng.TestNGExecutor.run(TestNGExecutor.java:77) [surefire-testng-2.12.4.jar:2.12.4]
	at org.apache.maven.surefire.testng.TestNGDirectoryTestSuite.executeMulti(TestNGDirectoryTestSuite.java:159) [surefire-testng-2.12.4.jar:2.12.4]
	at org.apache.maven.surefire.testng.TestNGDirectoryTestSuite.execute(TestNGDirectoryTestSuite.java:99) [surefire-testng-2.12.4.jar:2.12.4]
	at org.apache.maven.surefire.testng.TestNGProvider.invoke(TestNGProvider.java:106) [surefire-testng-2.12.4.jar:2.12.4]
	at jdk.internal.reflect.DirectMethodHandleAccessor.invoke(DirectMethodHandleAccessor.java:103) ~[?:?]
	at java.lang.reflect.Method.invoke(Method.java:580) ~[?:?]
	at org.apache.maven.surefire.util.ReflectionUtils.invokeMethodWithArray(ReflectionUtils.java:189) [surefire-api-2.12.4.jar:2.12.4]
	at org.apache.maven.surefire.booter.ProviderFactory$ProviderProxy.invoke(ProviderFactory.java:165) [surefire-booter-2.12.4.jar:2.12.4]
	at org.apache.maven.surefire.booter.ProviderFactory.invokeProvider(ProviderFactory.java:85) [surefire-booter-2.12.4.jar:2.12.4]
	at org.apache.maven.surefire.booter.ForkedBooter.runSuitesInProcess(ForkedBooter.java:115) [surefire-booter-2.12.4.jar:2.12.4]
	at org.apache.maven.surefire.booter.ForkedBooter.main(ForkedBooter.java:75) [surefire-booter-2.12.4.jar:2.12.4]
2025-04-10 11:28:32 [main] INFO  org.imz.tests.LoginTest - Initialized pages and navigated to base URL
2025-04-10 11:28:32 [main] ERROR org.imz.tests.LogoutTest - Logout encountered exception, navigating directly to login page
java.lang.NullPointerException: Cannot invoke "org.openqa.selenium.WebDriver.getCurrentUrl()" because "this.driver" is null
	at org.imz.tests.LogoutTest.ensureLoggedOut(LogoutTest.java:19) ~[test-classes/:?]
	at jdk.internal.reflect.DirectMethodHandleAccessor.invoke(DirectMethodHandleAccessor.java:103) ~[?:?]
	at java.lang.reflect.Method.invoke(Method.java:580) ~[?:?]
	at org.testng.internal.invokers.MethodInvocationHelper.invokeMethod(MethodInvocationHelper.java:141) ~[testng-7.11.0.jar:7.11.0]
	at org.testng.internal.invokers.TestInvoker.invokeMethod(TestInvoker.java:687) ~[testng-7.11.0.jar:7.11.0]
	at org.testng.internal.invokers.TestInvoker.invokeTestMethod(TestInvoker.java:230) ~[testng-7.11.0.jar:7.11.0]
	at org.testng.internal.invokers.MethodRunner.runInSequence(MethodRunner.java:63) ~[testng-7.11.0.jar:7.11.0]
	at org.testng.internal.invokers.TestInvoker$MethodInvocationAgent.invoke(TestInvoker.java:995) ~[testng-7.11.0.jar:7.11.0]
	at org.testng.internal.invokers.TestInvoker.invokeTestMethods(TestInvoker.java:203) ~[testng-7.11.0.jar:7.11.0]
	at org.testng.internal.invokers.TestMethodWorker.invokeTestMethods(TestMethodWorker.java:154) ~[testng-7.11.0.jar:7.11.0]
	at org.testng.internal.invokers.TestMethodWorker.run(TestMethodWorker.java:134) ~[testng-7.11.0.jar:7.11.0]
	at java.util.ArrayList.forEach(ArrayList.java:1596) [?:?]
	at org.testng.TestRunner.privateRun(TestRunner.java:741) [testng-7.11.0.jar:7.11.0]
	at org.testng.TestRunner.run(TestRunner.java:616) [testng-7.11.0.jar:7.11.0]
	at org.testng.SuiteRunner.runTest(SuiteRunner.java:421) [testng-7.11.0.jar:7.11.0]
	at org.testng.SuiteRunner.runSequentially(SuiteRunner.java:413) [testng-7.11.0.jar:7.11.0]
	at org.testng.SuiteRunner.privateRun(SuiteRunner.java:373) [testng-7.11.0.jar:7.11.0]
	at org.testng.SuiteRunner.run(SuiteRunner.java:312) [testng-7.11.0.jar:7.11.0]
	at org.testng.SuiteRunnerWorker.runSuite(SuiteRunnerWorker.java:52) [testng-7.11.0.jar:7.11.0]
	at org.testng.SuiteRunnerWorker.run(SuiteRunnerWorker.java:95) [testng-7.11.0.jar:7.11.0]
	at org.testng.TestNG.runSuitesSequentially(TestNG.java:1274) [testng-7.11.0.jar:7.11.0]
	at org.testng.TestNG.runSuitesLocally(TestNG.java:1208) [testng-7.11.0.jar:7.11.0]
	at org.testng.TestNG.runSuites(TestNG.java:1112) [testng-7.11.0.jar:7.11.0]
	at org.testng.TestNG.run(TestNG.java:1079) [testng-7.11.0.jar:7.11.0]
	at org.apache.maven.surefire.testng.TestNGExecutor.run(TestNGExecutor.java:77) [surefire-testng-2.12.4.jar:2.12.4]
	at org.apache.maven.surefire.testng.TestNGDirectoryTestSuite.executeMulti(TestNGDirectoryTestSuite.java:159) [surefire-testng-2.12.4.jar:2.12.4]
	at org.apache.maven.surefire.testng.TestNGDirectoryTestSuite.execute(TestNGDirectoryTestSuite.java:99) [surefire-testng-2.12.4.jar:2.12.4]
	at org.apache.maven.surefire.testng.TestNGProvider.invoke(TestNGProvider.java:106) [surefire-testng-2.12.4.jar:2.12.4]
	at jdk.internal.reflect.DirectMethodHandleAccessor.invoke(DirectMethodHandleAccessor.java:103) ~[?:?]
	at java.lang.reflect.Method.invoke(Method.java:580) ~[?:?]
	at org.apache.maven.surefire.util.ReflectionUtils.invokeMethodWithArray(ReflectionUtils.java:189) [surefire-api-2.12.4.jar:2.12.4]
	at org.apache.maven.surefire.booter.ProviderFactory$ProviderProxy.invoke(ProviderFactory.java:165) [surefire-booter-2.12.4.jar:2.12.4]
	at org.apache.maven.surefire.booter.ProviderFactory.invokeProvider(ProviderFactory.java:85) [surefire-booter-2.12.4.jar:2.12.4]
	at org.apache.maven.surefire.booter.ForkedBooter.runSuitesInProcess(ForkedBooter.java:115) [surefire-booter-2.12.4.jar:2.12.4]
	at org.apache.maven.surefire.booter.ForkedBooter.main(ForkedBooter.java:75) [surefire-booter-2.12.4.jar:2.12.4]
2025-04-10 11:30:35 [main] INFO  org.imz.tests.LoginTest - Initialized pages and navigated to base URL
2025-04-10 11:31:03 [main] INFO  org.imz.tests.LoginTest - Initialized pages and navigated to base URL
2025-04-10 11:31:03 [main] ERROR org.imz.tests.LogoutTest - Logout encountered exception, navigating directly to login page
java.lang.NullPointerException: Cannot invoke "org.openqa.selenium.WebDriver.getCurrentUrl()" because "this.driver" is null
	at org.imz.tests.LogoutTest.ensureLoggedOut(LogoutTest.java:19) ~[test-classes/:?]
	at jdk.internal.reflect.DirectMethodHandleAccessor.invoke(DirectMethodHandleAccessor.java:103) ~[?:?]
	at java.lang.reflect.Method.invoke(Method.java:580) ~[?:?]
	at org.testng.internal.invokers.MethodInvocationHelper.invokeMethod(MethodInvocationHelper.java:141) ~[testng-7.11.0.jar:7.11.0]
	at org.testng.internal.invokers.TestInvoker.invokeMethod(TestInvoker.java:687) ~[testng-7.11.0.jar:7.11.0]
	at org.testng.internal.invokers.TestInvoker.invokeTestMethod(TestInvoker.java:230) ~[testng-7.11.0.jar:7.11.0]
	at org.testng.internal.invokers.MethodRunner.runInSequence(MethodRunner.java:63) ~[testng-7.11.0.jar:7.11.0]
	at org.testng.internal.invokers.TestInvoker$MethodInvocationAgent.invoke(TestInvoker.java:995) ~[testng-7.11.0.jar:7.11.0]
	at org.testng.internal.invokers.TestInvoker.invokeTestMethods(TestInvoker.java:203) ~[testng-7.11.0.jar:7.11.0]
	at org.testng.internal.invokers.TestMethodWorker.invokeTestMethods(TestMethodWorker.java:154) ~[testng-7.11.0.jar:7.11.0]
	at org.testng.internal.invokers.TestMethodWorker.run(TestMethodWorker.java:134) ~[testng-7.11.0.jar:7.11.0]
	at java.util.ArrayList.forEach(ArrayList.java:1596) [?:?]
	at org.testng.TestRunner.privateRun(TestRunner.java:741) [testng-7.11.0.jar:7.11.0]
	at org.testng.TestRunner.run(TestRunner.java:616) [testng-7.11.0.jar:7.11.0]
	at org.testng.SuiteRunner.runTest(SuiteRunner.java:421) [testng-7.11.0.jar:7.11.0]
	at org.testng.SuiteRunner.runSequentially(SuiteRunner.java:413) [testng-7.11.0.jar:7.11.0]
	at org.testng.SuiteRunner.privateRun(SuiteRunner.java:373) [testng-7.11.0.jar:7.11.0]
	at org.testng.SuiteRunner.run(SuiteRunner.java:312) [testng-7.11.0.jar:7.11.0]
	at org.testng.SuiteRunnerWorker.runSuite(SuiteRunnerWorker.java:52) [testng-7.11.0.jar:7.11.0]
	at org.testng.SuiteRunnerWorker.run(SuiteRunnerWorker.java:95) [testng-7.11.0.jar:7.11.0]
	at org.testng.TestNG.runSuitesSequentially(TestNG.java:1274) [testng-7.11.0.jar:7.11.0]
	at org.testng.TestNG.runSuitesLocally(TestNG.java:1208) [testng-7.11.0.jar:7.11.0]
	at org.testng.TestNG.runSuites(TestNG.java:1112) [testng-7.11.0.jar:7.11.0]
	at org.testng.TestNG.run(TestNG.java:1079) [testng-7.11.0.jar:7.11.0]
	at com.intellij.rt.testng.IDEARemoteTestNG.run(IDEARemoteTestNG.java:65) [testng-rt.jar:?]
	at com.intellij.rt.testng.RemoteTestNGStarter.main(RemoteTestNGStarter.java:105) [testng-rt.jar:?]
2025-04-10 11:32:47 [main] INFO  org.imz.tests.LoginTest - Initialized pages and navigated to base URL
2025-04-10 11:33:39 [main] INFO  org.imz.tests.LoginTest - Initialized pages and navigated to base URL
2025-04-10 11:33:39 [main] INFO  org.imz.tests.LoginTest - Login successful!
2025-04-10 11:33:40 [main] INFO  org.imz.tests.LoginTest - Login successful!
2025-04-10 11:35:09 [main] INFO  org.imz.tests.LoginTest - Initialized pages and navigated to base URL
2025-04-10 11:35:09 [main] INFO  org.imz.tests.LoginTest - Login successful!
2025-04-10 11:35:09 [main] INFO  org.imz.tests.LoginTest - Login successful!
2025-04-10 11:36:04 [main] INFO  org.imz.tests.LoginTest - Initialized pages and navigated to base URL
2025-04-10 11:36:05 [main] INFO  org.imz.tests.LoginTest - Login successful!
2025-04-10 11:36:05 [main] INFO  org.imz.tests.LoginTest - Login successful!
2025-04-10 11:40:06 [main] INFO  org.imz.tests.LoginTest - Initialized pages and navigated to base URL
2025-04-10 11:40:07 [main] INFO  org.imz.tests.LoginTest - Login successful!
2025-04-10 11:40:08 [main] INFO  org.imz.tests.LoginTest - Login successful!
2025-04-10 11:40:24 [main] INFO  org.imz.tests.LoginTest - Initialized pages and navigated to base URL
2025-04-10 11:40:24 [main] INFO  org.imz.tests.LoginTest - Login successful!
2025-04-10 11:40:25 [main] INFO  org.imz.tests.LoginTest - Login successful!
2025-04-10 11:42:16 [main] INFO  org.imz.tests.LoginTest - Initialized pages and navigated to base URL
2025-04-10 11:42:17 [main] INFO  org.imz.tests.LoginTest - Login successful!
2025-04-10 11:42:17 [main] INFO  org.imz.tests.LoginTest - Login successful!
2025-04-10 11:43:05 [main] INFO  org.imz.tests.LoginTest - Initialized pages and navigated to base URL
2025-04-10 11:43:06 [main] INFO  org.imz.tests.LoginTest - Login successful!
2025-04-10 11:43:06 [main] INFO  org.imz.tests.LoginTest - Login successful!
2025-04-10 11:45:17 [main] INFO  org.imz.tests.LoginTest - Initialized pages and navigated to base URL
2025-04-10 11:45:18 [main] INFO  org.imz.tests.LoginTest - Login successful!
2025-04-10 11:50:36 [main] INFO  org.imz.tests.LoginTest - Initialized pages and navigated to base URL
2025-04-10 11:50:37 [main] INFO  org.imz.tests.LoginTest - Login successful!
2025-04-10 11:50:37 [main] INFO  org.imz.tests.LoginTest - Login successful!
2025-04-10 11:50:42 [main] INFO  org.imz.tests.LoginTest - Login successful!
2025-04-10 11:50:42 [main] INFO  org.imz.tests.LoginTest - Login successful!
2025-04-10 11:50:43 [main] INFO  org.imz.tests.LoginTest - Login successful!
2025-04-10 11:51:56 [main] INFO  org.imz.tests.LoginTest - Initialized pages and navigated to base URL
2025-04-10 11:51:56 [main] INFO  org.imz.tests.LoginTest - Login successful!
2025-04-10 11:51:56 [main] INFO  org.imz.tests.LoginTest - Login successful!
2025-04-10 11:52:02 [main] INFO  org.imz.tests.LoginTest - Login successful!
2025-04-10 11:52:02 [main] INFO  org.imz.tests.LoginTest - Login successful!
2025-04-10 11:52:02 [main] INFO  org.imz.tests.LoginTest - Login successful!
2025-04-10 11:52:02 [main] ERROR org.imz.tests.LogoutTest - Logout encountered exception, navigating directly to login page
java.lang.NullPointerException: Cannot invoke "org.openqa.selenium.WebDriver.getCurrentUrl()" because "this.driver" is null
	at org.imz.tests.LogoutTest.ensureLoggedOut(LogoutTest.java:19) ~[test-classes/:?]
	at jdk.internal.reflect.DirectMethodHandleAccessor.invoke(DirectMethodHandleAccessor.java:103) ~[?:?]
	at java.lang.reflect.Method.invoke(Method.java:580) ~[?:?]
	at org.testng.internal.invokers.MethodInvocationHelper.invokeMethod(MethodInvocationHelper.java:141) ~[testng-7.11.0.jar:7.11.0]
	at org.testng.internal.invokers.TestInvoker.invokeMethod(TestInvoker.java:687) ~[testng-7.11.0.jar:7.11.0]
	at org.testng.internal.invokers.TestInvoker.invokeTestMethod(TestInvoker.java:230) ~[testng-7.11.0.jar:7.11.0]
	at org.testng.internal.invokers.MethodRunner.runInSequence(MethodRunner.java:63) ~[testng-7.11.0.jar:7.11.0]
	at org.testng.internal.invokers.TestInvoker$MethodInvocationAgent.invoke(TestInvoker.java:995) ~[testng-7.11.0.jar:7.11.0]
	at org.testng.internal.invokers.TestInvoker.invokeTestMethods(TestInvoker.java:203) ~[testng-7.11.0.jar:7.11.0]
	at org.testng.internal.invokers.TestMethodWorker.invokeTestMethods(TestMethodWorker.java:154) ~[testng-7.11.0.jar:7.11.0]
	at org.testng.internal.invokers.TestMethodWorker.run(TestMethodWorker.java:134) ~[testng-7.11.0.jar:7.11.0]
	at java.util.ArrayList.forEach(ArrayList.java:1596) [?:?]
	at org.testng.TestRunner.privateRun(TestRunner.java:741) [testng-7.11.0.jar:7.11.0]
	at org.testng.TestRunner.run(TestRunner.java:616) [testng-7.11.0.jar:7.11.0]
	at org.testng.SuiteRunner.runTest(SuiteRunner.java:421) [testng-7.11.0.jar:7.11.0]
	at org.testng.SuiteRunner.runSequentially(SuiteRunner.java:413) [testng-7.11.0.jar:7.11.0]
	at org.testng.SuiteRunner.privateRun(SuiteRunner.java:373) [testng-7.11.0.jar:7.11.0]
	at org.testng.SuiteRunner.run(SuiteRunner.java:312) [testng-7.11.0.jar:7.11.0]
	at org.testng.SuiteRunnerWorker.runSuite(SuiteRunnerWorker.java:52) [testng-7.11.0.jar:7.11.0]
	at org.testng.SuiteRunnerWorker.run(SuiteRunnerWorker.java:95) [testng-7.11.0.jar:7.11.0]
	at org.testng.TestNG.runSuitesSequentially(TestNG.java:1274) [testng-7.11.0.jar:7.11.0]
	at org.testng.TestNG.runSuitesLocally(TestNG.java:1208) [testng-7.11.0.jar:7.11.0]
	at org.testng.TestNG.runSuites(TestNG.java:1112) [testng-7.11.0.jar:7.11.0]
	at org.testng.TestNG.run(TestNG.java:1079) [testng-7.11.0.jar:7.11.0]
	at org.apache.maven.surefire.testng.TestNGExecutor.run(TestNGExecutor.java:77) [surefire-testng-2.12.4.jar:2.12.4]
	at org.apache.maven.surefire.testng.TestNGDirectoryTestSuite.executeMulti(TestNGDirectoryTestSuite.java:159) [surefire-testng-2.12.4.jar:2.12.4]
	at org.apache.maven.surefire.testng.TestNGDirectoryTestSuite.execute(TestNGDirectoryTestSuite.java:99) [surefire-testng-2.12.4.jar:2.12.4]
	at org.apache.maven.surefire.testng.TestNGProvider.invoke(TestNGProvider.java:106) [surefire-testng-2.12.4.jar:2.12.4]
	at jdk.internal.reflect.DirectMethodHandleAccessor.invoke(DirectMethodHandleAccessor.java:103) ~[?:?]
	at java.lang.reflect.Method.invoke(Method.java:580) ~[?:?]
	at org.apache.maven.surefire.util.ReflectionUtils.invokeMethodWithArray(ReflectionUtils.java:189) [surefire-api-2.12.4.jar:2.12.4]
	at org.apache.maven.surefire.booter.ProviderFactory$ProviderProxy.invoke(ProviderFactory.java:165) [surefire-booter-2.12.4.jar:2.12.4]
	at org.apache.maven.surefire.booter.ProviderFactory.invokeProvider(ProviderFactory.java:85) [surefire-booter-2.12.4.jar:2.12.4]
	at org.apache.maven.surefire.booter.ForkedBooter.runSuitesInProcess(ForkedBooter.java:115) [surefire-booter-2.12.4.jar:2.12.4]
	at org.apache.maven.surefire.booter.ForkedBooter.main(ForkedBooter.java:75) [surefire-booter-2.12.4.jar:2.12.4]
2025-04-10 12:06:12 [main] INFO  org.imz.tests.LoginTest - Initialized pages and navigated to base URL
2025-04-10 12:06:13 [main] INFO  org.imz.tests.LoginTest - Login successful!
2025-04-10 12:06:13 [main] INFO  org.imz.tests.LoginTest - Login successful!
2025-04-10 12:06:18 [main] INFO  org.imz.tests.LoginTest - Login successful!
2025-04-10 12:06:18 [main] INFO  org.imz.tests.LoginTest - Login successful!
2025-04-10 12:06:19 [main] INFO  org.imz.tests.LoginTest - Login successful!
2025-04-10 12:06:19 [main] ERROR org.imz.tests.LogoutTest - Logout encountered exception, navigating directly to login page
java.lang.NullPointerException: Cannot invoke "org.openqa.selenium.WebDriver.getCurrentUrl()" because "this.driver" is null
	at org.imz.tests.LogoutTest.ensureLoggedOut(LogoutTest.java:19) ~[test-classes/:?]
	at jdk.internal.reflect.DirectMethodHandleAccessor.invoke(DirectMethodHandleAccessor.java:103) ~[?:?]
	at java.lang.reflect.Method.invoke(Method.java:580) ~[?:?]
	at org.testng.internal.invokers.MethodInvocationHelper.invokeMethod(MethodInvocationHelper.java:141) ~[testng-7.11.0.jar:7.11.0]
	at org.testng.internal.invokers.TestInvoker.invokeMethod(TestInvoker.java:687) ~[testng-7.11.0.jar:7.11.0]
	at org.testng.internal.invokers.TestInvoker.invokeTestMethod(TestInvoker.java:230) ~[testng-7.11.0.jar:7.11.0]
	at org.testng.internal.invokers.MethodRunner.runInSequence(MethodRunner.java:63) ~[testng-7.11.0.jar:7.11.0]
	at org.testng.internal.invokers.TestInvoker$MethodInvocationAgent.invoke(TestInvoker.java:995) ~[testng-7.11.0.jar:7.11.0]
	at org.testng.internal.invokers.TestInvoker.invokeTestMethods(TestInvoker.java:203) ~[testng-7.11.0.jar:7.11.0]
	at org.testng.internal.invokers.TestMethodWorker.invokeTestMethods(TestMethodWorker.java:154) ~[testng-7.11.0.jar:7.11.0]
	at org.testng.internal.invokers.TestMethodWorker.run(TestMethodWorker.java:134) ~[testng-7.11.0.jar:7.11.0]
	at java.util.ArrayList.forEach(ArrayList.java:1596) [?:?]
	at org.testng.TestRunner.privateRun(TestRunner.java:741) [testng-7.11.0.jar:7.11.0]
	at org.testng.TestRunner.run(TestRunner.java:616) [testng-7.11.0.jar:7.11.0]
	at org.testng.SuiteRunner.runTest(SuiteRunner.java:421) [testng-7.11.0.jar:7.11.0]
	at org.testng.SuiteRunner.runSequentially(SuiteRunner.java:413) [testng-7.11.0.jar:7.11.0]
	at org.testng.SuiteRunner.privateRun(SuiteRunner.java:373) [testng-7.11.0.jar:7.11.0]
	at org.testng.SuiteRunner.run(SuiteRunner.java:312) [testng-7.11.0.jar:7.11.0]
	at org.testng.SuiteRunnerWorker.runSuite(SuiteRunnerWorker.java:52) [testng-7.11.0.jar:7.11.0]
	at org.testng.SuiteRunnerWorker.run(SuiteRunnerWorker.java:95) [testng-7.11.0.jar:7.11.0]
	at org.testng.TestNG.runSuitesSequentially(TestNG.java:1274) [testng-7.11.0.jar:7.11.0]
	at org.testng.TestNG.runSuitesLocally(TestNG.java:1208) [testng-7.11.0.jar:7.11.0]
	at org.testng.TestNG.runSuites(TestNG.java:1112) [testng-7.11.0.jar:7.11.0]
	at org.testng.TestNG.run(TestNG.java:1079) [testng-7.11.0.jar:7.11.0]
	at org.apache.maven.surefire.testng.TestNGExecutor.run(TestNGExecutor.java:77) [surefire-testng-2.12.4.jar:2.12.4]
	at org.apache.maven.surefire.testng.TestNGDirectoryTestSuite.executeMulti(TestNGDirectoryTestSuite.java:159) [surefire-testng-2.12.4.jar:2.12.4]
	at org.apache.maven.surefire.testng.TestNGDirectoryTestSuite.execute(TestNGDirectoryTestSuite.java:99) [surefire-testng-2.12.4.jar:2.12.4]
	at org.apache.maven.surefire.testng.TestNGProvider.invoke(TestNGProvider.java:106) [surefire-testng-2.12.4.jar:2.12.4]
	at jdk.internal.reflect.DirectMethodHandleAccessor.invoke(DirectMethodHandleAccessor.java:103) ~[?:?]
	at java.lang.reflect.Method.invoke(Method.java:580) ~[?:?]
	at org.apache.maven.surefire.util.ReflectionUtils.invokeMethodWithArray(ReflectionUtils.java:189) [surefire-api-2.12.4.jar:2.12.4]
	at org.apache.maven.surefire.booter.ProviderFactory$ProviderProxy.invoke(ProviderFactory.java:165) [surefire-booter-2.12.4.jar:2.12.4]
	at org.apache.maven.surefire.booter.ProviderFactory.invokeProvider(ProviderFactory.java:85) [surefire-booter-2.12.4.jar:2.12.4]
	at org.apache.maven.surefire.booter.ForkedBooter.runSuitesInProcess(ForkedBooter.java:115) [surefire-booter-2.12.4.jar:2.12.4]
	at org.apache.maven.surefire.booter.ForkedBooter.main(ForkedBooter.java:75) [surefire-booter-2.12.4.jar:2.12.4]
2025-04-10 12:07:29 [main] INFO  org.imz.tests.LoginTest - Initialized pages and navigated to base URL
2025-04-10 12:07:30 [main] INFO  org.imz.tests.LoginTest - Login successful!
2025-04-10 12:07:30 [main] INFO  org.imz.tests.LoginTest - Login successful!
2025-04-10 12:07:35 [main] INFO  org.imz.tests.LoginTest - Login successful!
2025-04-10 12:07:36 [main] INFO  org.imz.tests.LoginTest - Login successful!
2025-04-10 12:07:36 [main] INFO  org.imz.tests.LoginTest - Login successful!
2025-04-10 14:34:43 [main] INFO  org.imz.tests.LoginTest - Initialized pages and navigated to base URL
2025-04-10 14:35:45 [main] INFO  org.imz.tests.LoginTest - Initialized pages and navigated to base URL
2025-04-10 14:36:31 [main] INFO  org.imz.tests.LoginTest - Initialized pages and navigated to base URL
2025-04-10 14:36:32 [main] INFO  org.imz.tests.LoginTest - Login successful!
2025-04-10 14:36:32 [main] INFO  org.imz.tests.LoginTest - Login successful!
2025-04-10 14:36:37 [main] INFO  org.imz.tests.LoginTest - Login successful!
2025-04-10 14:36:38 [main] INFO  org.imz.tests.LoginTest - Login successful!
2025-04-10 14:36:38 [main] INFO  org.imz.tests.LoginTest - Login successful!
2025-04-10 14:41:02 [main] INFO  org.imz.tests.LoginTest - Initialized pages and navigated to base URL
2025-04-10 14:41:03 [main] INFO  org.imz.tests.LoginTest - Login successful!
2025-04-10 14:41:04 [main] INFO  org.imz.tests.LoginTest - Login successful!
2025-04-10 14:41:09 [main] INFO  org.imz.tests.LoginTest - Login successful!
2025-04-10 14:41:09 [main] INFO  org.imz.tests.LoginTest - Login successful!
2025-04-10 14:41:09 [main] INFO  org.imz.tests.LoginTest - Login successful!
2025-04-10 14:41:10 [main] ERROR org.imz.tests.LogoutTest - Logout encountered exception, navigating directly to login page
java.lang.NullPointerException: Cannot invoke "org.openqa.selenium.WebDriver.getCurrentUrl()" because "this.driver" is null
	at org.imz.tests.LogoutTest.ensureLoggedOut(LogoutTest.java:19) ~[test-classes/:?]
	at jdk.internal.reflect.DirectMethodHandleAccessor.invoke(DirectMethodHandleAccessor.java:103) ~[?:?]
	at java.lang.reflect.Method.invoke(Method.java:580) ~[?:?]
	at org.testng.internal.invokers.MethodInvocationHelper.invokeMethod(MethodInvocationHelper.java:141) ~[testng-7.11.0.jar:7.11.0]
	at org.testng.internal.invokers.TestInvoker.invokeMethod(TestInvoker.java:687) ~[testng-7.11.0.jar:7.11.0]
	at org.testng.internal.invokers.TestInvoker.invokeTestMethod(TestInvoker.java:230) ~[testng-7.11.0.jar:7.11.0]
	at org.testng.internal.invokers.MethodRunner.runInSequence(MethodRunner.java:63) ~[testng-7.11.0.jar:7.11.0]
	at org.testng.internal.invokers.TestInvoker$MethodInvocationAgent.invoke(TestInvoker.java:995) ~[testng-7.11.0.jar:7.11.0]
	at org.testng.internal.invokers.TestInvoker.invokeTestMethods(TestInvoker.java:203) ~[testng-7.11.0.jar:7.11.0]
	at org.testng.internal.invokers.TestMethodWorker.invokeTestMethods(TestMethodWorker.java:154) ~[testng-7.11.0.jar:7.11.0]
	at org.testng.internal.invokers.TestMethodWorker.run(TestMethodWorker.java:134) ~[testng-7.11.0.jar:7.11.0]
	at java.util.ArrayList.forEach(ArrayList.java:1596) [?:?]
	at org.testng.TestRunner.privateRun(TestRunner.java:741) [testng-7.11.0.jar:7.11.0]
	at org.testng.TestRunner.run(TestRunner.java:616) [testng-7.11.0.jar:7.11.0]
	at org.testng.SuiteRunner.runTest(SuiteRunner.java:421) [testng-7.11.0.jar:7.11.0]
	at org.testng.SuiteRunner.runSequentially(SuiteRunner.java:413) [testng-7.11.0.jar:7.11.0]
	at org.testng.SuiteRunner.privateRun(SuiteRunner.java:373) [testng-7.11.0.jar:7.11.0]
	at org.testng.SuiteRunner.run(SuiteRunner.java:312) [testng-7.11.0.jar:7.11.0]
	at org.testng.SuiteRunnerWorker.runSuite(SuiteRunnerWorker.java:52) [testng-7.11.0.jar:7.11.0]
	at org.testng.SuiteRunnerWorker.run(SuiteRunnerWorker.java:95) [testng-7.11.0.jar:7.11.0]
	at org.testng.TestNG.runSuitesSequentially(TestNG.java:1274) [testng-7.11.0.jar:7.11.0]
	at org.testng.TestNG.runSuitesLocally(TestNG.java:1208) [testng-7.11.0.jar:7.11.0]
	at org.testng.TestNG.runSuites(TestNG.java:1112) [testng-7.11.0.jar:7.11.0]
	at org.testng.TestNG.run(TestNG.java:1079) [testng-7.11.0.jar:7.11.0]
	at org.apache.maven.surefire.testng.TestNGExecutor.run(TestNGExecutor.java:77) [surefire-testng-2.12.4.jar:2.12.4]
	at org.apache.maven.surefire.testng.TestNGDirectoryTestSuite.executeMulti(TestNGDirectoryTestSuite.java:159) [surefire-testng-2.12.4.jar:2.12.4]
	at org.apache.maven.surefire.testng.TestNGDirectoryTestSuite.execute(TestNGDirectoryTestSuite.java:99) [surefire-testng-2.12.4.jar:2.12.4]
	at org.apache.maven.surefire.testng.TestNGProvider.invoke(TestNGProvider.java:106) [surefire-testng-2.12.4.jar:2.12.4]
	at jdk.internal.reflect.DirectMethodHandleAccessor.invoke(DirectMethodHandleAccessor.java:103) ~[?:?]
	at java.lang.reflect.Method.invoke(Method.java:580) ~[?:?]
	at org.apache.maven.surefire.util.ReflectionUtils.invokeMethodWithArray(ReflectionUtils.java:189) [surefire-api-2.12.4.jar:2.12.4]
	at org.apache.maven.surefire.booter.ProviderFactory$ProviderProxy.invoke(ProviderFactory.java:165) [surefire-booter-2.12.4.jar:2.12.4]
	at org.apache.maven.surefire.booter.ProviderFactory.invokeProvider(ProviderFactory.java:85) [surefire-booter-2.12.4.jar:2.12.4]
	at org.apache.maven.surefire.booter.ForkedBooter.runSuitesInProcess(ForkedBooter.java:115) [surefire-booter-2.12.4.jar:2.12.4]
	at org.apache.maven.surefire.booter.ForkedBooter.main(ForkedBooter.java:75) [surefire-booter-2.12.4.jar:2.12.4]
2025-04-10 14:45:03 [main] INFO  org.imz.tests.LoginTest - Initialized pages and navigated to base URL
2025-04-10 14:45:03 [main] INFO  org.imz.tests.LoginTest - Login successful!
2025-04-10 14:45:04 [main] INFO  org.imz.tests.LoginTest - Login successful!
2025-04-10 14:45:09 [main] INFO  org.imz.tests.LoginTest - Login successful!
2025-04-10 14:45:09 [main] INFO  org.imz.tests.LoginTest - Login successful!
2025-04-10 14:45:10 [main] INFO  org.imz.tests.LoginTest - Login successful!
2025-04-10 14:45:24 [main] INFO  org.imz.tests.LoginTest - Initialized pages and navigated to base URL
2025-04-10 14:46:15 [main] INFO  org.imz.tests.LoginTest - Initialized pages and navigated to base URL
2025-04-10 14:48:32 [main] INFO  org.imz.tests.LoginTest - Initialized pages and navigated to base URL
2025-04-10 14:48:32 [main] INFO  org.imz.tests.LoginTest - Login successful!
2025-04-10 14:48:32 [main] INFO  org.imz.tests.LoginTest - Login successful!
2025-04-10 14:48:38 [main] INFO  org.imz.tests.LoginTest - Login successful!
2025-04-10 14:48:38 [main] INFO  org.imz.tests.LoginTest - Login successful!
2025-04-10 14:48:38 [main] INFO  org.imz.tests.LoginTest - Login successful!
2025-04-10 14:48:39 [main] ERROR org.imz.tests.LogoutTest - Logout encountered exception, navigating directly to login page
java.lang.NullPointerException: Cannot invoke "org.openqa.selenium.WebDriver.getCurrentUrl()" because "this.driver" is null
	at org.imz.tests.LogoutTest.ensureLoggedOut(LogoutTest.java:19) ~[test-classes/:?]
	at jdk.internal.reflect.DirectMethodHandleAccessor.invoke(DirectMethodHandleAccessor.java:103) ~[?:?]
	at java.lang.reflect.Method.invoke(Method.java:580) ~[?:?]
	at org.testng.internal.invokers.MethodInvocationHelper.invokeMethod(MethodInvocationHelper.java:141) ~[testng-7.11.0.jar:7.11.0]
	at org.testng.internal.invokers.TestInvoker.invokeMethod(TestInvoker.java:687) ~[testng-7.11.0.jar:7.11.0]
	at org.testng.internal.invokers.TestInvoker.invokeTestMethod(TestInvoker.java:230) ~[testng-7.11.0.jar:7.11.0]
	at org.testng.internal.invokers.MethodRunner.runInSequence(MethodRunner.java:63) ~[testng-7.11.0.jar:7.11.0]
	at org.testng.internal.invokers.TestInvoker$MethodInvocationAgent.invoke(TestInvoker.java:995) ~[testng-7.11.0.jar:7.11.0]
	at org.testng.internal.invokers.TestInvoker.invokeTestMethods(TestInvoker.java:203) ~[testng-7.11.0.jar:7.11.0]
	at org.testng.internal.invokers.TestMethodWorker.invokeTestMethods(TestMethodWorker.java:154) ~[testng-7.11.0.jar:7.11.0]
	at org.testng.internal.invokers.TestMethodWorker.run(TestMethodWorker.java:134) ~[testng-7.11.0.jar:7.11.0]
	at java.util.ArrayList.forEach(ArrayList.java:1596) [?:?]
	at org.testng.TestRunner.privateRun(TestRunner.java:741) [testng-7.11.0.jar:7.11.0]
	at org.testng.TestRunner.run(TestRunner.java:616) [testng-7.11.0.jar:7.11.0]
	at org.testng.SuiteRunner.runTest(SuiteRunner.java:421) [testng-7.11.0.jar:7.11.0]
	at org.testng.SuiteRunner.runSequentially(SuiteRunner.java:413) [testng-7.11.0.jar:7.11.0]
	at org.testng.SuiteRunner.privateRun(SuiteRunner.java:373) [testng-7.11.0.jar:7.11.0]
	at org.testng.SuiteRunner.run(SuiteRunner.java:312) [testng-7.11.0.jar:7.11.0]
	at org.testng.SuiteRunnerWorker.runSuite(SuiteRunnerWorker.java:52) [testng-7.11.0.jar:7.11.0]
	at org.testng.SuiteRunnerWorker.run(SuiteRunnerWorker.java:95) [testng-7.11.0.jar:7.11.0]
	at org.testng.TestNG.runSuitesSequentially(TestNG.java:1274) [testng-7.11.0.jar:7.11.0]
	at org.testng.TestNG.runSuitesLocally(TestNG.java:1208) [testng-7.11.0.jar:7.11.0]
	at org.testng.TestNG.runSuites(TestNG.java:1112) [testng-7.11.0.jar:7.11.0]
	at org.testng.TestNG.run(TestNG.java:1079) [testng-7.11.0.jar:7.11.0]
	at org.apache.maven.surefire.testng.TestNGExecutor.run(TestNGExecutor.java:77) [surefire-testng-2.12.4.jar:2.12.4]
	at org.apache.maven.surefire.testng.TestNGDirectoryTestSuite.executeMulti(TestNGDirectoryTestSuite.java:159) [surefire-testng-2.12.4.jar:2.12.4]
	at org.apache.maven.surefire.testng.TestNGDirectoryTestSuite.execute(TestNGDirectoryTestSuite.java:99) [surefire-testng-2.12.4.jar:2.12.4]
	at org.apache.maven.surefire.testng.TestNGProvider.invoke(TestNGProvider.java:106) [surefire-testng-2.12.4.jar:2.12.4]
	at jdk.internal.reflect.DirectMethodHandleAccessor.invoke(DirectMethodHandleAccessor.java:103) ~[?:?]
	at java.lang.reflect.Method.invoke(Method.java:580) ~[?:?]
	at org.apache.maven.surefire.util.ReflectionUtils.invokeMethodWithArray(ReflectionUtils.java:189) [surefire-api-2.12.4.jar:2.12.4]
	at org.apache.maven.surefire.booter.ProviderFactory$ProviderProxy.invoke(ProviderFactory.java:165) [surefire-booter-2.12.4.jar:2.12.4]
	at org.apache.maven.surefire.booter.ProviderFactory.invokeProvider(ProviderFactory.java:85) [surefire-booter-2.12.4.jar:2.12.4]
	at org.apache.maven.surefire.booter.ForkedBooter.runSuitesInProcess(ForkedBooter.java:115) [surefire-booter-2.12.4.jar:2.12.4]
	at org.apache.maven.surefire.booter.ForkedBooter.main(ForkedBooter.java:75) [surefire-booter-2.12.4.jar:2.12.4]
2025-04-10 14:50:00 [main] INFO  org.imz.tests.LoginTest - Initialized pages and navigated to base URL
2025-04-10 14:50:24 [main] INFO  org.imz.tests.LoginTest - Initialized pages and navigated to base URL
2025-04-10 14:50:24 [main] INFO  org.imz.tests.LoginTest - Login successful!
2025-04-10 14:50:25 [main] INFO  org.imz.tests.LoginTest - Login successful!
2025-04-10 14:50:30 [main] INFO  org.imz.tests.LoginTest - Login successful!
2025-04-10 14:50:30 [main] INFO  org.imz.tests.LoginTest - Login successful!
2025-04-10 14:50:31 [main] INFO  org.imz.tests.LoginTest - Login successful!
2025-04-10 14:55:15 [main] INFO  org.imz.tests.LoginTest - Initialized pages and navigated to base URL
2025-04-10 14:55:28 [main] INFO  org.imz.tests.LoginTest - Initialized pages and navigated to base URL
2025-04-10 14:55:29 [main] INFO  org.imz.tests.LoginTest - Login successful!
2025-04-10 14:55:29 [main] INFO  org.imz.tests.LoginTest - Login successful!
2025-04-10 14:55:34 [main] INFO  org.imz.tests.LoginTest - Login successful!
2025-04-10 14:55:34 [main] INFO  org.imz.tests.LoginTest - Login successful!
2025-04-10 14:55:34 [main] INFO  org.imz.tests.LoginTest - Login successful!
2025-04-10 14:56:09 [main] INFO  org.imz.tests.LoginTest - Initialized pages and navigated to base URL
2025-04-10 14:56:09 [main] INFO  org.imz.tests.LoginTest - Login successful!
2025-04-10 14:56:09 [main] INFO  org.imz.tests.LoginTest - Login successful!
2025-04-10 14:56:15 [main] INFO  org.imz.tests.LoginTest - Login successful!
2025-04-10 14:56:15 [main] INFO  org.imz.tests.LoginTest - Login successful!
2025-04-10 14:56:15 [main] INFO  org.imz.tests.LoginTest - Login successful!
2025-04-10 14:56:59 [main] INFO  org.imz.tests.LoginTest - Initialized pages and navigated to base URL
2025-04-10 14:57:00 [main] INFO  org.imz.tests.LoginTest - Login successful!
2025-04-10 14:57:00 [main] INFO  org.imz.tests.LoginTest - Login successful!
2025-04-10 14:58:08 [main] INFO  org.imz.tests.LoginTest - Initialized pages and navigated to base URL
2025-04-10 14:58:08 [main] INFO  org.imz.tests.LoginTest - Login successful!
2025-04-10 14:58:08 [main] INFO  org.imz.tests.LoginTest - Login successful!
2025-04-10 14:58:14 [main] INFO  org.imz.tests.LoginTest - Login successful!
2025-04-10 14:58:14 [main] INFO  org.imz.tests.LoginTest - Login successful!
2025-04-10 14:58:14 [main] INFO  org.imz.tests.LoginTest - Login successful!
2025-04-10 14:59:01 [main] INFO  org.imz.tests.LoginTest - Initialized pages and navigated to base URL
2025-04-10 14:59:02 [main] INFO  org.imz.tests.LoginTest - Login successful!
2025-04-10 14:59:02 [main] INFO  org.imz.tests.LoginTest - Login successful!
2025-04-10 14:59:08 [main] INFO  org.imz.tests.LoginTest - Login successful!
2025-04-10 14:59:08 [main] INFO  org.imz.tests.LoginTest - Login successful!
2025-04-10 14:59:08 [main] INFO  org.imz.tests.LoginTest - Login successful!
